[2016-04-10 11:10:22] START
[2016-04-11 14:23:17] EDIT QUIZES_OVERLOADED/models/db.py: 21
[2016-04-11 14:23:52] EDIT QUIZES_OVERLOADED/models/db.py: 1
[2016-04-11 14:36:14] EDIT QUIZES_OVERLOADED/models/db.py: 11
[2016-04-11 14:37:34] EDIT QUIZES_OVERLOADED/models/db.py: -30
[2016-04-11 14:40:07] EDIT QUIZES_OVERLOADED/models/menu.py: 0
[2016-04-11 14:42:57] EDIT QUIZES_OVERLOADED/models/menu.py: 0
[2016-04-11 14:43:17] EDIT QUIZES_OVERLOADED/models/menu.py: 0
[2016-04-11 14:56:33] EDIT QUIZES_OVERLOADED/models/menu.py: 0
[2016-04-11 15:46:44] EDIT QUIZES_OVERLOADED/models/menu.py: 0
[2016-04-11 15:50:06] EDIT QUIZES_OVERLOADED/models/menu.py: 2
[2016-04-11 15:50:47] EDIT QUIZES_OVERLOADED/models/menu.py: 0
[2016-04-11 15:51:56] EDIT QUIZES_OVERLOADED/models/menu.py: 0
[2016-04-11 15:52:18] EDIT QUIZES_OVERLOADED/models/menu.py: 0
[2016-04-11 16:51:18] EDIT QUIZES_OVERLOADED/views/default/index.html: -48
[2016-04-11 16:53:10] EDIT QUIZES_OVERLOADED/views/default/index.html: 0
[2016-04-11 18:24:46] EDIT QUIZES_OVERLOADED/models/db.py: 13
[2016-04-11 18:26:04] EDIT QUIZES_OVERLOADED/controllers/default.py: 3
[2016-04-11 18:27:15] EDIT QUIZES_OVERLOADED/controllers/default.py: 0
[2016-04-11 18:29:24] CREATE upload_question/index.html: 0
[2016-04-11 18:29:43] EDIT QUIZES_OVERLOADED/views/upload_question/index.html: 2
[2016-04-11 18:34:06] EDIT QUIZES_OVERLOADED/views/layout.html: 0
[2016-04-11 18:34:48] EDIT QUIZES_OVERLOADED/models/db.py: -2
[2016-04-11 18:35:58] EDIT QUIZES_OVERLOADED/models/db.py: 0
[2016-04-11 18:37:30] EDIT QUIZES_OVERLOADED/models/db.py: 0
[2016-04-11 18:38:03] EDIT QUIZES_OVERLOADED/models/db.py: 0
[2016-04-11 18:38:22] EDIT QUIZES_OVERLOADED/models/db.py: 0
[2016-04-11 18:39:19] EDIT QUIZES_OVERLOADED/models/db.py: 0
[2016-04-11 18:40:24] EDIT QUIZES_OVERLOADED/models/db.py: 0
[2016-04-11 18:41:07] EDIT QUIZES_OVERLOADED/models/db.py: 0
[2016-04-11 18:48:35] EDIT QUIZES_OVERLOADED/models/db.py: 4
[2016-04-11 18:50:39] EDIT QUIZES_OVERLOADED/models/db.py: 0
[2016-04-11 18:52:08] EDIT QUIZES_OVERLOADED/models/db.py: 0
[2016-04-13 14:02:57] EDIT QUIZES_OVERLOADED/models/db.py: -8
[2016-04-13 15:08:44] EDIT QUIZES_OVERLOADED/models/db.py: 2
[2016-04-13 15:11:26] EDIT QUIZES_OVERLOADED/models/db.py: 0
[2016-04-13 15:11:41] EDIT QUIZES_OVERLOADED/models/db.py: 0
[2016-04-13 15:11:52] EDIT QUIZES_OVERLOADED/models/db.py: 0
[2016-04-13 15:37:46] EDIT QUIZES_OVERLOADED/models/db.py: 7
[2016-04-13 15:38:15] EDIT QUIZES_OVERLOADED/models/db.py: 0
[2016-04-13 15:44:45] EDIT QUIZES_OVERLOADED/models/db.py: 0
[2016-04-13 15:54:22] EDIT QUIZES_OVERLOADED/models/db.py: 0
[2016-04-13 15:59:20] EDIT QUIZES_OVERLOADED/models/db.py: 0
[2016-04-13 15:59:24] EDIT QUIZES_OVERLOADED/models/db.py: 0
[2016-04-13 16:01:34] EDIT QUIZES_OVERLOADED/models/db.py: 0
[2016-04-13 16:01:49] EDIT QUIZES_OVERLOADED/models/db.py: 0
[2016-04-13 16:01:59] EDIT QUIZES_OVERLOADED/models/db.py: 0
[2016-04-13 16:02:32] EDIT QUIZES_OVERLOADED/models/db.py: 0
[2016-04-13 16:02:43] EDIT QUIZES_OVERLOADED/models/db.py: -5
[2016-04-13 16:03:50] EDIT QUIZES_OVERLOADED/models/db.py: 5
[2016-04-13 16:06:12] EDIT QUIZES_OVERLOADED/models/db.py: 0
[2016-04-13 16:10:35] EDIT QUIZES_OVERLOADED/models/db.py: 0
[2016-04-13 16:12:36] EDIT QUIZES_OVERLOADED/models/db.py: 0
[2016-04-13 17:25:42] EDIT QUIZES_OVERLOADED/models/db.py: 0
[2016-04-13 17:38:27] EDIT QUIZES_OVERLOADED/models/db.py: 0
[2016-04-13 18:47:36] EDIT QUIZES_OVERLOADED/controllers/default.py: -1
[2016-04-13 18:53:29] EDIT QUIZES_OVERLOADED/controllers/default.py: 1
[2016-04-13 18:55:04] EDIT QUIZES_OVERLOADED/controllers/default.py: 0
[2016-04-13 19:04:55] EDIT QUIZES_OVERLOADED/views/default/index.html: 6
[2016-04-13 19:06:35] EDIT QUIZES_OVERLOADED/views/default/index.html: 1
[2016-04-13 19:08:26] EDIT QUIZES_OVERLOADED/views/default/index.html: 0
[2016-04-13 19:10:50] EDIT QUIZES_OVERLOADED/views/default/index.html: 0
[2016-04-13 19:11:21] EDIT QUIZES_OVERLOADED/views/default/index.html: 0
[2016-04-13 19:15:34] EDIT QUIZES_OVERLOADED/controllers/default.py: 0
[2016-04-13 19:20:31] EDIT QUIZES_OVERLOADED/controllers/default.py: 1
[2016-04-13 19:23:19] EDIT QUIZES_OVERLOADED/views/default/index.html: 2
[2016-04-13 19:25:47] EDIT QUIZES_OVERLOADED/controllers/default.py: 1
[2016-04-13 19:26:40] EDIT QUIZES_OVERLOADED/views/default/index.html: -2
[2016-04-13 19:26:46] EDIT QUIZES_OVERLOADED/controllers/default.py: 0
[2016-04-13 19:28:26] EDIT QUIZES_OVERLOADED/controllers/default.py: 0
[2016-04-13 19:30:23] EDIT QUIZES_OVERLOADED/views/default/index.html: 0
[2016-04-13 19:30:40] EDIT QUIZES_OVERLOADED/controllers/default.py: 0
[2016-04-13 19:30:43] EDIT QUIZES_OVERLOADED/views/default/index.html: 0
[2016-04-13 19:31:52] EDIT QUIZES_OVERLOADED/controllers/default.py: -1
[2016-04-13 19:32:00] EDIT QUIZES_OVERLOADED/views/default/index.html: 0
[2016-04-13 19:32:47] EDIT QUIZES_OVERLOADED/controllers/default.py: 0
[2016-04-13 19:33:00] EDIT QUIZES_OVERLOADED/controllers/default.py: 0
[2016-04-13 19:35:05] EDIT QUIZES_OVERLOADED/controllers/default.py: 1
[2016-04-13 19:35:51] EDIT QUIZES_OVERLOADED/views/default/index.html: 0
[2016-04-13 19:37:04] EDIT QUIZES_OVERLOADED/views/default/index.html: 1
[2016-04-13 20:44:53] EDIT QUIZES_OVERLOADED/views/default/index.html: 4
[2016-04-13 20:49:20] EDIT QUIZES_OVERLOADED/views/default/index.html: 0
[2016-04-13 21:15:56] EDIT QUIZES_OVERLOADED/views/default/index.html: 1
[2016-04-13 21:16:15] EDIT QUIZES_OVERLOADED/controllers/default.py: -3
[2016-04-13 21:16:47] EDIT QUIZES_OVERLOADED/controllers/default.py: 1
[2016-04-13 21:19:00] EDIT QUIZES_OVERLOADED/controllers/default.py: 1
[2016-04-13 21:20:56] EDIT QUIZES_OVERLOADED/controllers/default.py: 1
[2016-04-13 21:21:08] EDIT QUIZES_OVERLOADED/controllers/default.py: 0
[2016-04-13 21:23:40] EDIT QUIZES_OVERLOADED/views/default/index.html: 0
[2016-04-13 21:27:49] EDIT QUIZES_OVERLOADED/views/default/index.html: 0
[2016-04-13 23:11:09] EDIT QUIZES_OVERLOADED/views/default/index.html: 0
[2016-04-13 23:12:12] EDIT QUIZES_OVERLOADED/views/default/index.html: 0
[2016-04-13 23:18:09] EDIT QUIZES_OVERLOADED/views/default/index.html: 0
[2016-04-13 23:18:27] EDIT QUIZES_OVERLOADED/views/default/index.html: 0
[2016-04-14 17:01:20] EDIT QUIZES_OVERLOADED/views/default/index.html: 0
[2016-04-14 17:02:39] EDIT QUIZES_OVERLOADED/views/default/index.html: 0
[2016-04-14 17:56:06] EDIT QUIZES_OVERLOADED/views/default/index.html: 0
[2016-04-14 18:03:17] EDIT QUIZES_OVERLOADED/controllers/default.py: 0
[2016-04-14 18:06:05] EDIT QUIZES_OVERLOADED/controllers/default.py: 1
[2016-04-14 18:11:10] EDIT QUIZES_OVERLOADED/controllers/default.py: 0
[2016-04-14 18:12:27] EDIT QUIZES_OVERLOADED/controllers/default.py: 0
[2016-04-14 18:15:05] EDIT QUIZES_OVERLOADED/controllers/default.py: 1
[2016-04-14 18:17:32] EDIT QUIZES_OVERLOADED/controllers/default.py: -2
[2016-04-14 18:18:19] EDIT QUIZES_OVERLOADED/controllers/default.py: 0
[2016-04-14 18:19:54] EDIT QUIZES_OVERLOADED/views/default/index.html: 0
[2016-04-14 18:20:49] CREATE default/show.html: 0
[2016-04-14 18:21:17] EDIT QUIZES_OVERLOADED/views/default/index.html: 0
[2016-04-14 18:27:17] EDIT QUIZES_OVERLOADED/views/default/index.html: 1
[2016-04-14 18:29:51] EDIT QUIZES_OVERLOADED/views/default/index.html: 0
[2016-04-14 18:38:37] EDIT QUIZES_OVERLOADED/views/default/index.html: 0
[2016-04-14 18:40:47] EDIT QUIZES_OVERLOADED/views/default/index.html: 1
[2016-04-14 18:41:44] EDIT QUIZES_OVERLOADED/views/default/index.html: 0
[2016-04-14 18:42:27] EDIT QUIZES_OVERLOADED/views/default/index.html: 1
[2016-04-14 18:43:09] EDIT QUIZES_OVERLOADED/views/default/index.html: 0
[2016-04-14 18:44:04] EDIT QUIZES_OVERLOADED/views/default/index.html: -2
[2016-04-14 18:44:27] EDIT QUIZES_OVERLOADED/views/default/index.html: 0
[2016-04-14 18:45:07] EDIT QUIZES_OVERLOADED/views/default/index.html: 0
[2016-04-14 18:52:43] EDIT QUIZES_OVERLOADED/views/default/index.html: 0
[2016-04-14 18:53:15] EDIT QUIZES_OVERLOADED/views/default/index.html: 0
[2016-04-14 18:55:57] EDIT QUIZES_OVERLOADED/views/default/index.html: 2
[2016-04-14 19:15:40] EDIT QUIZES_OVERLOADED/views/default/index.html: 0
[2016-04-14 19:16:13] EDIT QUIZES_OVERLOADED/controllers/default.py: 0
[2016-04-14 19:17:03] EDIT QUIZES_OVERLOADED/views/default/index.html: 0
[2016-04-14 19:17:27] EDIT QUIZES_OVERLOADED/controllers/default.py: 0
[2016-04-14 19:20:05] EDIT QUIZES_OVERLOADED/views/default/index.html: 0
[2016-04-14 19:21:14] EDIT QUIZES_OVERLOADED/views/default/index.html: 0
[2016-04-14 19:21:24] EDIT QUIZES_OVERLOADED/controllers/default.py: 0
[2016-04-14 19:29:56] EDIT QUIZES_OVERLOADED/views/default/index.html: 0
[2016-04-14 19:34:24] EDIT QUIZES_OVERLOADED/views/default/index.html: 0
[2016-04-14 19:35:08] EDIT QUIZES_OVERLOADED/views/default/index.html: 0
[2016-04-14 19:38:39] EDIT QUIZES_OVERLOADED/views/default/index.html: 0
[2016-04-14 19:38:54] EDIT QUIZES_OVERLOADED/views/default/index.html: 0
[2016-04-14 19:40:42] EDIT QUIZES_OVERLOADED/views/default/index.html: 0
[2016-04-14 19:41:15] EDIT QUIZES_OVERLOADED/views/default/index.html: 0
[2016-04-14 19:41:15] EDIT QUIZES_OVERLOADED/views/default/index.html: 0
[2016-04-14 19:41:29] EDIT QUIZES_OVERLOADED/views/default/index.html: 0
[2016-04-14 19:41:29] EDIT QUIZES_OVERLOADED/views/default/index.html: 0
[2016-04-14 19:41:35] EDIT QUIZES_OVERLOADED/views/default/index.html: 0
[2016-04-14 19:41:36] EDIT QUIZES_OVERLOADED/views/default/index.html: 0
[2016-04-14 19:42:42] EDIT QUIZES_OVERLOADED/views/default/index.html: 0
[2016-04-14 19:46:03] EDIT QUIZES_OVERLOADED/views/default/index.html: 1
[2016-04-14 19:52:52] EDIT QUIZES_OVERLOADED/views/default/index.html: 0
[2016-04-14 19:52:55] EDIT QUIZES_OVERLOADED/views/default/show.html: 0
[2016-04-14 19:52:57] EDIT QUIZES_OVERLOADED/controllers/default.py: 0
[2016-04-14 19:53:08] EDIT QUIZES_OVERLOADED/controllers/default.py: 0
[2016-04-14 19:53:10] EDIT QUIZES_OVERLOADED/controllers/default.py: 0
[2016-04-14 19:53:13] EDIT QUIZES_OVERLOADED/controllers/default.py: 0
[2016-04-14 22:26:34] EDIT QUIZES_OVERLOADED/controllers/default.py: 0
[2016-04-14 22:26:36] EDIT QUIZES_OVERLOADED/controllers/default.py: 0
[2016-04-14 22:26:38] EDIT QUIZES_OVERLOADED/controllers/default.py: 0
[2016-04-14 23:00:35] EDIT QUIZES_OVERLOADED/controllers/default.py: 0
[2016-04-14 23:01:39] EDIT QUIZES_OVERLOADED/controllers/default.py: -1
[2016-04-14 23:06:35] EDIT QUIZES_OVERLOADED/views/default/index.html: 0
[2016-04-14 23:08:55] EDIT QUIZES_OVERLOADED/controllers/default.py: 0
[2016-04-14 23:09:47] EDIT QUIZES_OVERLOADED/views/default/show.html: 5
[2016-04-14 23:10:07] EDIT QUIZES_OVERLOADED/views/default/show.html: 1
[2016-04-14 23:10:51] EDIT QUIZES_OVERLOADED/views/default/show.html: 0
[2016-04-14 23:11:01] EDIT QUIZES_OVERLOADED/views/default/show.html: -1
[2016-04-14 23:11:50] EDIT QUIZES_OVERLOADED/views/default/show.html: 0
[2016-04-14 23:18:57] EDIT QUIZES_OVERLOADED/views/default/index.html: 1
[2016-04-14 23:19:14] EDIT QUIZES_OVERLOADED/views/default/index.html: 0
[2016-04-14 23:19:29] EDIT QUIZES_OVERLOADED/views/default/index.html: 0
[2016-04-14 23:24:42] EDIT QUIZES_OVERLOADED/controllers/default.py: 0
[2016-04-14 23:26:17] EDIT QUIZES_OVERLOADED/views/default/index.html: 0
[2016-04-14 23:26:50] EDIT QUIZES_OVERLOADED/views/default/index.html: 0
[2016-04-14 23:28:00] EDIT QUIZES_OVERLOADED/controllers/default.py: 1
[2016-04-14 23:28:14] EDIT QUIZES_OVERLOADED/controllers/default.py: 0
[2016-04-14 23:29:56] EDIT QUIZES_OVERLOADED/controllers/default.py: -1
[2016-04-14 23:30:35] EDIT QUIZES_OVERLOADED/controllers/default.py: 0
[2016-04-14 23:32:33] EDIT QUIZES_OVERLOADED/views/default/index.html: 0
[2016-04-14 23:34:17] EDIT QUIZES_OVERLOADED/views/default/index.html: 0
[2016-04-14 23:35:54] EDIT QUIZES_OVERLOADED/views/default/show.html: 0
[2016-04-14 23:38:04] EDIT QUIZES_OVERLOADED/views/default/show.html: 0
[2016-04-14 23:38:58] EDIT QUIZES_OVERLOADED/views/default/show.html: 0
[2016-04-15 00:25:24] EDIT QUIZES_OVERLOADED/controllers/default.py: 0
[2016-04-15 12:32:13] EDIT QUIZES_OVERLOADED/controllers/default.py: 3
[2016-04-15 12:32:59] EDIT QUIZES_OVERLOADED/controllers/default.py: 1
[2016-04-15 12:35:47] EDIT QUIZES_OVERLOADED/models/db.py: 1
[2016-04-15 12:35:57] EDIT QUIZES_OVERLOADED/models/db.py: 0
[2016-04-15 12:38:38] EDIT QUIZES_OVERLOADED/controllers/default.py: 2
[2016-04-15 12:38:44] EDIT QUIZES_OVERLOADED/controllers/default.py: 0
[2016-04-15 12:38:56] EDIT QUIZES_OVERLOADED/controllers/default.py: 0
[2016-04-15 12:44:05] EDIT QUIZES_OVERLOADED/controllers/default.py: -1
[2016-04-15 12:44:52] EDIT QUIZES_OVERLOADED/controllers/default.py: -3
[2016-04-15 12:45:50] EDIT QUIZES_OVERLOADED/controllers/default.py: 0
[2016-04-15 12:45:59] EDIT QUIZES_OVERLOADED/controllers/default.py: 0
[2016-04-15 12:47:09] EDIT QUIZES_OVERLOADED/controllers/default.py: 0
[2016-04-15 12:47:35] EDIT QUIZES_OVERLOADED/models/db.py: 0
[2016-04-15 12:48:00] EDIT QUIZES_OVERLOADED/controllers/default.py: 1
[2016-04-15 12:50:38] EDIT QUIZES_OVERLOADED/controllers/default.py: 0
[2016-04-15 12:52:06] EDIT QUIZES_OVERLOADED/models/db.py: 0
[2016-04-15 12:52:35] EDIT QUIZES_OVERLOADED/controllers/default.py: 0
[2016-04-15 12:53:40] EDIT QUIZES_OVERLOADED/controllers/default.py: 0
[2016-04-15 12:55:32] EDIT QUIZES_OVERLOADED/controllers/default.py: 0
[2016-04-15 12:56:44] EDIT QUIZES_OVERLOADED/controllers/default.py: 1
[2016-04-15 12:56:53] EDIT QUIZES_OVERLOADED/controllers/default.py: 0
[2016-04-15 12:56:54] EDIT QUIZES_OVERLOADED/controllers/default.py: 0
[2016-04-15 12:57:01] EDIT QUIZES_OVERLOADED/controllers/default.py: 0
[2016-04-15 12:58:46] EDIT QUIZES_OVERLOADED/controllers/default.py: 0
[2016-04-15 13:09:47] EDIT QUIZES_OVERLOADED/controllers/default.py: 0
[2016-04-15 13:14:01] EDIT QUIZES_OVERLOADED/controllers/default.py: 0
[2016-04-15 14:13:26] EDIT QUIZES_OVERLOADED/controllers/default.py: 0
[2016-04-15 14:14:18] EDIT QUIZES_OVERLOADED/controllers/default.py: 0
[2016-04-15 14:15:09] EDIT QUIZES_OVERLOADED/models/db.py: 0
[2016-04-15 14:23:30] EDIT QUIZES_OVERLOADED/controllers/default.py: 0
[2016-04-15 14:26:44] EDIT QUIZES_OVERLOADED/controllers/default.py: 0
[2016-04-15 14:29:23] EDIT QUIZES_OVERLOADED/models/db.py: 0
[2016-04-15 14:31:02] EDIT QUIZES_OVERLOADED/models/db.py: 0
[2016-04-15 14:32:20] EDIT QUIZES_OVERLOADED/controllers/default.py: 0
[2016-04-15 14:34:23] EDIT QUIZES_OVERLOADED/controllers/default.py: 0
[2016-04-15 14:36:07] EDIT QUIZES_OVERLOADED/controllers/default.py: 0
[2016-04-15 14:37:13] EDIT QUIZES_OVERLOADED/controllers/default.py: 1
[2016-04-15 14:38:49] EDIT QUIZES_OVERLOADED/controllers/default.py: 1
[2016-04-15 14:39:31] EDIT QUIZES_OVERLOADED/controllers/default.py: 0
[2016-04-15 14:41:03] EDIT QUIZES_OVERLOADED/models/db.py: 0
[2016-04-15 14:41:30] EDIT QUIZES_OVERLOADED/controllers/default.py: -1
[2016-04-15 14:41:43] EDIT QUIZES_OVERLOADED/controllers/default.py: 0
[2016-04-15 14:43:25] EDIT QUIZES_OVERLOADED/models/db.py: 1
[2016-04-15 14:49:16] EDIT QUIZES_OVERLOADED/models/db.py: 0
[2016-04-15 14:49:19] EDIT QUIZES_OVERLOADED/controllers/default.py: 0
[2016-04-15 15:34:34] EDIT QUIZES_OVERLOADED/controllers/default.py: 1
[2016-04-15 15:37:23] EDIT QUIZES_OVERLOADED/controllers/default.py: 0
[2016-04-15 15:38:45] EDIT QUIZES_OVERLOADED/controllers/default.py: 0
[2016-04-15 15:40:39] EDIT QUIZES_OVERLOADED/models/db.py: 0
[2016-04-15 15:56:53] EDIT QUIZES_OVERLOADED/models/db.py: 0
[2016-04-15 15:56:57] EDIT QUIZES_OVERLOADED/controllers/default.py: 0
[2016-04-15 23:07:53] EDIT QUIZES_OVERLOADED/models/db.py: 4
[2016-04-15 23:09:18] EDIT QUIZES_OVERLOADED/models/db.py: 0
[2016-04-15 23:10:41] EDIT QUIZES_OVERLOADED/models/db.py: 0
[2016-04-15 23:10:54] EDIT QUIZES_OVERLOADED/models/db.py: 0
[2016-04-15 23:11:32] EDIT QUIZES_OVERLOADED/models/db.py: 0
[2016-04-15 23:13:01] EDIT QUIZES_OVERLOADED/models/db.py: 0
[2016-04-15 23:14:31] EDIT QUIZES_OVERLOADED/controllers/default.py: 0
[2016-04-15 23:21:21] EDIT QUIZES_OVERLOADED/views/default/show.html: 4
[2016-04-15 23:23:03] EDIT QUIZES_OVERLOADED/views/default/show.html: 4
[2016-04-15 23:24:05] EDIT QUIZES_OVERLOADED/views/default/show.html: 4
[2016-04-15 23:24:58] EDIT QUIZES_OVERLOADED/views/default/show.html: 4
[2016-04-15 23:27:35] EDIT QUIZES_OVERLOADED/views/default/show.html: 0
[2016-04-15 23:28:17] EDIT QUIZES_OVERLOADED/views/default/show.html: 0
[2016-04-15 23:28:19] EDIT QUIZES_OVERLOADED/views/default/index.html: 0
[2016-04-15 23:28:21] EDIT QUIZES_OVERLOADED/controllers/default.py: 0
[2016-04-15 23:28:57] EDIT QUIZES_OVERLOADED/views/default/show.html: 0
[2016-04-15 23:29:42] EDIT QUIZES_OVERLOADED/views/default/show.html: 0
[2016-04-15 23:30:27] EDIT QUIZES_OVERLOADED/controllers/default.py: 1
[2016-04-15 23:32:51] EDIT QUIZES_OVERLOADED/controllers/default.py: 0
[2016-04-15 23:35:06] EDIT QUIZES_OVERLOADED/controllers/default.py: 1
[2016-04-15 23:36:15] EDIT QUIZES_OVERLOADED/controllers/default.py: 0
[2016-04-15 23:38:00] EDIT QUIZES_OVERLOADED/controllers/default.py: 0
[2016-04-15 23:38:53] EDIT QUIZES_OVERLOADED/models/db.py: 3
[2016-04-15 23:41:08] EDIT QUIZES_OVERLOADED/controllers/default.py: 0
[2016-04-15 23:42:25] EDIT QUIZES_OVERLOADED/controllers/default.py: 0
[2016-04-15 23:42:40] EDIT QUIZES_OVERLOADED/controllers/default.py: 0
[2016-04-15 23:44:20] EDIT QUIZES_OVERLOADED/controllers/default.py: 0
[2016-04-15 23:46:54] EDIT QUIZES_OVERLOADED/controllers/default.py: 0
[2016-04-15 23:46:58] EDIT QUIZES_OVERLOADED/views/default/show.html: 0
[2016-04-18 21:23:05] EDIT QUIZES_OVERLOADED/views/default/show.html: 1
[2016-04-18 21:28:53] EDIT QUIZES_OVERLOADED/views/default/show.html: 24
[2016-04-18 21:30:22] EDIT QUIZES_OVERLOADED/views/default/show.html: 0
[2016-04-18 21:42:34] EDIT QUIZES_OVERLOADED/views/default/show.html: 0
[2016-04-18 21:45:09] EDIT QUIZES_OVERLOADED/views/default/show.html: 0
[2016-04-18 21:48:02] EDIT QUIZES_OVERLOADED/views/default/show.html: 3
[2016-04-18 21:48:31] EDIT QUIZES_OVERLOADED/views/default/show.html: -1
[2016-04-18 21:59:35] EDIT QUIZES_OVERLOADED/controllers/default.py: 1
[2016-04-18 21:59:37] EDIT QUIZES_OVERLOADED/controllers/default.py: 0
[2016-04-18 21:59:54] EDIT QUIZES_OVERLOADED/controllers/default.py: 0
[2016-04-18 22:06:08] EDIT QUIZES_OVERLOADED/views/default/show.html: -6
[2016-04-18 22:06:10] EDIT QUIZES_OVERLOADED/views/default/show.html: 0
[2016-04-18 22:06:14] EDIT QUIZES_OVERLOADED/views/default/show.html: 0
[2016-04-18 22:06:27] EDIT QUIZES_OVERLOADED/views/default/show.html: 0
[2016-04-18 22:22:33] EDIT QUIZES_OVERLOADED/controllers/default.py: 4
[2016-04-18 22:23:03] EDIT QUIZES_OVERLOADED/controllers/default.py: 0
[2016-04-18 22:23:04] EDIT QUIZES_OVERLOADED/controllers/default.py: 0
[2016-04-18 22:23:24] EDIT QUIZES_OVERLOADED/controllers/default.py: 0
[2016-04-18 22:33:26] EDIT QUIZES_OVERLOADED/controllers/default.py: -2
[2016-04-18 22:35:19] EDIT QUIZES_OVERLOADED/controllers/default.py: 9
[2016-04-18 22:41:55] EDIT QUIZES_OVERLOADED/controllers/default.py: 0
[2016-04-18 22:46:24] EDIT QUIZES_OVERLOADED/views/default/show.html: 0
[2016-04-18 22:47:40] EDIT QUIZES_OVERLOADED/views/default/show.html: 0
[2016-04-18 22:51:28] EDIT QUIZES_OVERLOADED/views/default/show.html: 0
[2016-04-18 22:53:55] EDIT QUIZES_OVERLOADED/views/default/show.html: 0
[2016-04-18 22:54:08] EDIT QUIZES_OVERLOADED/controllers/default.py: 0
[2016-04-18 22:54:57] EDIT QUIZES_OVERLOADED/views/default/show.html: 0
[2016-04-18 22:55:18] EDIT QUIZES_OVERLOADED/views/default/show.html: 0
[2016-04-18 23:52:41] EDIT QUIZES_OVERLOADED/views/default/show.html: 0
[2016-04-18 23:55:30] EDIT QUIZES_OVERLOADED/controllers/default.py: 0
[2016-04-19 00:05:11] EDIT QUIZES_OVERLOADED/views/default/show.html: 1
[2016-04-19 00:18:09] EDIT QUIZES_OVERLOADED/views/default/show.html: 0
[2016-04-19 00:18:15] EDIT QUIZES_OVERLOADED/views/default/show.html: 0
[2016-04-19 00:18:17] EDIT QUIZES_OVERLOADED/views/default/show.html: 0
[2016-04-19 00:18:41] EDIT QUIZES_OVERLOADED/views/default/show.html: 0
[2016-04-19 00:19:55] EDIT QUIZES_OVERLOADED/views/default/show.html: 0
[2016-04-19 00:19:57] EDIT QUIZES_OVERLOADED/views/default/show.html: 0
[2016-04-19 00:20:34] EDIT QUIZES_OVERLOADED/views/default/show.html: 0
[2016-04-19 00:21:16] EDIT QUIZES_OVERLOADED/views/default/show.html: 0
[2016-04-19 00:21:50] EDIT QUIZES_OVERLOADED/views/default/show.html: 0
[2016-04-19 00:25:17] EDIT QUIZES_OVERLOADED/views/default/show.html: 1
[2016-04-19 00:26:31] EDIT QUIZES_OVERLOADED/views/default/show.html: -2
[2016-04-19 00:28:17] EDIT QUIZES_OVERLOADED/views/default/show.html: 0
[2016-04-19 01:24:22] EDIT QUIZES_OVERLOADED/views/default/show.html: 0
[2016-04-19 01:24:51] EDIT QUIZES_OVERLOADED/controllers/default.py: 0
[2016-04-19 01:27:33] EDIT QUIZES_OVERLOADED/views/default/show.html: 0
[2016-04-19 01:27:46] EDIT QUIZES_OVERLOADED/views/default/show.html: 0
[2016-04-19 02:48:56] EDIT QUIZES_OVERLOADED/views/default/show.html: 2
[2016-04-19 03:04:31] EDIT QUIZES_OVERLOADED/views/default/show.html: 0
[2016-04-19 03:05:27] EDIT QUIZES_OVERLOADED/views/default/show.html: 0
[2016-04-19 03:05:56] EDIT QUIZES_OVERLOADED/controllers/default.py: 0
[2016-04-19 03:06:15] EDIT QUIZES_OVERLOADED/controllers/default.py: 0
[2016-04-19 03:06:16] EDIT QUIZES_OVERLOADED/controllers/default.py: 0
[2016-04-19 03:06:18] EDIT QUIZES_OVERLOADED/views/default/show.html: 0
[2016-04-19 03:08:42] EDIT QUIZES_OVERLOADED/views/default/show.html: 0
[2016-04-19 03:09:21] EDIT QUIZES_OVERLOADED/views/default/show.html: 1
[2016-04-19 06:23:14] EDIT QUIZES_OVERLOADED/models/menu.py: 0
[2016-04-19 06:23:30] EDIT QUIZES_OVERLOADED/models/menu.py: 0
[2016-04-19 06:26:00] EDIT QUIZES_OVERLOADED/models/menu.py: 0
[2016-04-19 11:56:00] EDIT QUIZES_OVERLOADED/views/default/show.html: 0
[2016-04-19 11:58:15] EDIT QUIZES_OVERLOADED/views/default/show.html: 0
[2016-04-19 11:59:10] EDIT QUIZES_OVERLOADED/controllers/default.py: 2
[2016-04-19 11:59:31] EDIT QUIZES_OVERLOADED/views/default/show.html: 0
[2016-04-19 12:00:53] EDIT QUIZES_OVERLOADED/controllers/default.py: 0
[2016-04-19 12:03:10] EDIT QUIZES_OVERLOADED/views/default/show.html: 0
[2016-04-19 12:04:01] EDIT QUIZES_OVERLOADED/views/default/show.html: -1
[2016-04-19 12:04:08] EDIT QUIZES_OVERLOADED/views/default/show.html: 0
[2016-04-19 12:04:50] EDIT QUIZES_OVERLOADED/controllers/default.py: 0
[2016-04-19 12:14:08] EDIT QUIZES_OVERLOADED/views/default/show.html: 4
[2016-04-19 12:16:14] EDIT QUIZES_OVERLOADED/controllers/default.py: 4
[2016-04-19 12:23:52] EDIT QUIZES_OVERLOADED/controllers/default.py: 8
[2016-04-19 12:24:09] EDIT QUIZES_OVERLOADED/views/default/show.html: 0
[2016-04-19 12:24:18] EDIT QUIZES_OVERLOADED/controllers/default.py: 0
[2016-04-19 12:24:20] EDIT QUIZES_OVERLOADED/views/default/index.html: 0
[2016-04-19 12:29:57] EDIT QUIZES_OVERLOADED/views/default/show.html: 0
[2016-04-19 12:30:34] EDIT QUIZES_OVERLOADED/controllers/default.py: 4
[2016-04-19 12:32:04] EDIT QUIZES_OVERLOADED/views/default/show.html: 0
[2016-04-19 12:38:29] EDIT QUIZES_OVERLOADED/controllers/default.py: 1
[2016-04-19 12:40:30] EDIT QUIZES_OVERLOADED/views/default/show.html: 0
[2016-04-19 12:40:50] EDIT QUIZES_OVERLOADED/controllers/default.py: 0
[2016-04-19 12:47:24] EDIT QUIZES_OVERLOADED/controllers/default.py: 0
[2016-04-19 12:49:00] EDIT QUIZES_OVERLOADED/controllers/default.py: 1
[2016-04-19 12:51:17] EDIT QUIZES_OVERLOADED/controllers/default.py: 0
[2016-04-19 12:54:07] EDIT QUIZES_OVERLOADED/controllers/default.py: 0
[2016-04-19 12:54:31] EDIT QUIZES_OVERLOADED/controllers/default.py: 0
[2016-04-19 14:15:43] EDIT QUIZES_OVERLOADED/controllers/default.py: -16
[2016-04-19 14:18:34] EDIT QUIZES_OVERLOADED/controllers/default.py: 0
[2016-04-19 14:19:32] EDIT QUIZES_OVERLOADED/controllers/default.py: 0
[2016-04-19 14:24:53] EDIT QUIZES_OVERLOADED/controllers/default.py: 0
[2016-04-19 14:25:12] EDIT QUIZES_OVERLOADED/controllers/default.py: 0
[2016-04-19 14:29:58] EDIT QUIZES_OVERLOADED/views/default/show.html: -4
[2016-04-19 14:33:13] EDIT QUIZES_OVERLOADED/views/default/show.html: 0
[2016-04-19 14:33:32] EDIT QUIZES_OVERLOADED/controllers/default.py: 1
[2016-04-19 14:34:02] EDIT QUIZES_OVERLOADED/views/default/show.html: 0
[2016-04-19 14:41:16] EDIT QUIZES_OVERLOADED/controllers/default.py: 3
[2016-04-19 14:47:21] EDIT QUIZES_OVERLOADED/views/default/show.html: 0
[2016-04-19 14:48:17] EDIT QUIZES_OVERLOADED/controllers/default.py: 2
[2016-04-19 14:51:41] EDIT QUIZES_OVERLOADED/controllers/default.py: 0
[2016-04-19 16:03:37] EDIT QUIZES_OVERLOADED/views/default/show.html: 0
[2016-04-19 17:00:00] EDIT QUIZES_OVERLOADED/views/default/show.html: 0
[2016-04-19 17:00:26] EDIT QUIZES_OVERLOADED/controllers/default.py: 2
[2016-04-19 17:01:33] EDIT QUIZES_OVERLOADED/controllers/default.py: 0
[2016-04-19 17:04:14] EDIT QUIZES_OVERLOADED/controllers/default.py: 1
[2016-04-19 17:04:55] EDIT QUIZES_OVERLOADED/controllers/default.py: 1
[2016-04-19 17:05:00] EDIT QUIZES_OVERLOADED/controllers/default.py: 0
[2016-04-19 17:05:10] EDIT QUIZES_OVERLOADED/controllers/default.py: 0
[2016-04-19 17:05:55] EDIT QUIZES_OVERLOADED/views/default/show.html: 0
[2016-04-19 17:06:27] EDIT QUIZES_OVERLOADED/views/default/show.html: 0
[2016-04-19 17:07:40] EDIT QUIZES_OVERLOADED/views/default/show.html: 0
[2016-04-19 17:08:07] EDIT QUIZES_OVERLOADED/controllers/default.py: 0
[2016-04-19 17:10:41] EDIT QUIZES_OVERLOADED/views/default/show.html: 0
[2016-04-19 17:10:47] EDIT QUIZES_OVERLOADED/views/default/show.html: 0
[2016-04-19 17:12:08] EDIT QUIZES_OVERLOADED/controllers/default.py: 0
[2016-04-19 17:22:50] EDIT QUIZES_OVERLOADED/views/default/show.html: 0
[2016-04-19 18:13:02] EDIT QUIZES_OVERLOADED/views/default/show.html: 2
[2016-04-19 18:15:52] EDIT QUIZES_OVERLOADED/views/default/show.html: 1
[2016-04-19 18:19:43] EDIT QUIZES_OVERLOADED/views/default/show.html: 8
[2016-04-19 18:20:52] EDIT QUIZES_OVERLOADED/controllers/default.py: 1
[2016-04-19 18:22:38] EDIT QUIZES_OVERLOADED/views/default/show.html: 0
[2016-04-19 18:24:27] EDIT QUIZES_OVERLOADED/controllers/default.py: 3
[2016-04-19 18:26:20] EDIT QUIZES_OVERLOADED/views/default/show.html: 1
[2016-04-19 18:27:56] EDIT QUIZES_OVERLOADED/views/default/show.html: 0
[2016-04-19 18:29:08] EDIT QUIZES_OVERLOADED/views/default/show.html: -1
[2016-04-19 18:30:02] EDIT QUIZES_OVERLOADED/controllers/default.py: 0
[2016-04-19 18:32:16] EDIT QUIZES_OVERLOADED/controllers/default.py: 0
[2016-04-19 18:32:59] EDIT QUIZES_OVERLOADED/views/default/show.html: 0
[2016-04-19 18:33:08] EDIT QUIZES_OVERLOADED/views/default/show.html: 0
[2016-04-19 18:42:39] EDIT QUIZES_OVERLOADED/views/default/show.html: 0
[2016-04-19 18:42:45] EDIT QUIZES_OVERLOADED/views/default/show.html: 0
[2016-04-19 18:45:46] EDIT QUIZES_OVERLOADED/views/default/show.html: -1
[2016-04-19 18:52:27] EDIT QUIZES_OVERLOADED/controllers/default.py: -2
[2016-04-19 18:53:38] EDIT QUIZES_OVERLOADED/views/default/show.html: 30
[2016-04-19 18:54:13] EDIT QUIZES_OVERLOADED/views/default/show.html: 0
[2016-04-19 18:54:16] EDIT QUIZES_OVERLOADED/controllers/default.py: 0
[2016-04-19 18:54:16] EDIT QUIZES_OVERLOADED/controllers/default.py: 0
[2016-04-19 18:54:18] EDIT QUIZES_OVERLOADED/views/default/index.html: 0
[2016-04-19 19:00:12] EDIT QUIZES_OVERLOADED/views/default/show.html: 0
[2016-04-19 19:02:04] EDIT QUIZES_OVERLOADED/views/default/show.html: 1
[2016-04-19 19:09:03] EDIT QUIZES_OVERLOADED/views/default/show.html: 1
[2016-04-19 19:09:21] EDIT QUIZES_OVERLOADED/views/default/show.html: 0
[2016-04-19 19:11:04] EDIT QUIZES_OVERLOADED/views/default/show.html: -1
[2016-04-19 19:13:24] EDIT QUIZES_OVERLOADED/controllers/default.py: 2
[2016-04-19 19:19:12] EDIT QUIZES_OVERLOADED/controllers/default.py: -2
[2016-04-19 19:19:22] EDIT QUIZES_OVERLOADED/controllers/default.py: 0
[2016-04-19 19:20:19] EDIT QUIZES_OVERLOADED/controllers/default.py: 0
[2016-04-19 19:21:13] EDIT QUIZES_OVERLOADED/views/default/show.html: 0
[2016-04-19 19:23:14] EDIT QUIZES_OVERLOADED/controllers/default.py: 3
[2016-04-19 19:24:10] EDIT QUIZES_OVERLOADED/views/default/show.html: 0
[2016-04-19 19:26:21] EDIT QUIZES_OVERLOADED/views/default/show.html: 0
[2016-04-19 19:31:35] EDIT QUIZES_OVERLOADED/controllers/default.py: 1
[2016-04-19 19:35:10] EDIT QUIZES_OVERLOADED/controllers/default.py: 0
[2016-04-19 19:36:50] EDIT QUIZES_OVERLOADED/models/db.py: 1
[2016-04-19 19:38:06] EDIT QUIZES_OVERLOADED/controllers/default.py: 0
[2016-04-19 19:38:33] EDIT QUIZES_OVERLOADED/controllers/default.py: 0
[2016-04-19 19:39:27] EDIT QUIZES_OVERLOADED/controllers/default.py: 0
[2016-04-19 19:42:04] EDIT QUIZES_OVERLOADED/controllers/default.py: 0
[2016-04-19 19:42:56] EDIT QUIZES_OVERLOADED/controllers/default.py: 0
[2016-04-19 21:26:11] EDIT QUIZES_OVERLOADED/controllers/default.py: 0
[2016-04-19 21:27:38] EDIT QUIZES_OVERLOADED/controllers/default.py: 0
[2016-04-19 22:11:10] EDIT QUIZES_OVERLOADED/controllers/default.py: 1
[2016-04-19 22:12:36] EDIT QUIZES_OVERLOADED/controllers/default.py: 0
[2016-04-19 22:14:11] EDIT QUIZES_OVERLOADED/controllers/default.py: 1
[2016-04-19 22:17:26] EDIT QUIZES_OVERLOADED/controllers/default.py: 1
[2016-04-19 22:17:28] EDIT QUIZES_OVERLOADED/controllers/default.py: 0
[2016-04-19 22:17:46] EDIT QUIZES_OVERLOADED/controllers/default.py: 0
[2016-04-19 22:18:16] EDIT QUIZES_OVERLOADED/controllers/default.py: 0
[2016-04-19 22:18:31] EDIT QUIZES_OVERLOADED/controllers/default.py: 0
[2016-04-19 22:18:32] EDIT QUIZES_OVERLOADED/controllers/default.py: 0
[2016-04-19 22:27:55] EDIT QUIZES_OVERLOADED/controllers/default.py: 4
[2016-04-19 22:31:52] EDIT QUIZES_OVERLOADED/controllers/default.py: 1
[2016-04-19 22:33:51] EDIT QUIZES_OVERLOADED/models/db.py: 0
[2016-04-19 22:34:15] EDIT QUIZES_OVERLOADED/controllers/default.py: 1
[2016-04-19 22:34:31] EDIT QUIZES_OVERLOADED/controllers/default.py: 0
[2016-04-19 22:36:19] EDIT QUIZES_OVERLOADED/controllers/default.py: 0
[2016-04-19 22:37:34] EDIT QUIZES_OVERLOADED/controllers/default.py: 1
[2016-04-19 22:40:07] EDIT QUIZES_OVERLOADED/controllers/default.py: 0
[2016-04-19 22:41:01] EDIT QUIZES_OVERLOADED/controllers/default.py: 0
[2016-04-19 22:41:57] EDIT QUIZES_OVERLOADED/controllers/default.py: 0
[2016-04-19 22:43:17] EDIT QUIZES_OVERLOADED/controllers/default.py: 1
[2016-04-19 22:44:27] EDIT QUIZES_OVERLOADED/controllers/default.py: 2
[2016-04-19 22:45:28] EDIT QUIZES_OVERLOADED/controllers/default.py: 0
[2016-04-19 22:47:10] EDIT QUIZES_OVERLOADED/controllers/default.py: 0
[2016-04-19 22:47:27] EDIT QUIZES_OVERLOADED/controllers/default.py: 2
[2016-04-19 22:52:36] EDIT QUIZES_OVERLOADED/models/db.py: 0
[2016-04-19 22:53:07] EDIT QUIZES_OVERLOADED/controllers/default.py: 0
[2016-04-19 22:57:44] EDIT QUIZES_OVERLOADED/controllers/default.py: -2
[2016-04-19 22:59:56] EDIT QUIZES_OVERLOADED/controllers/default.py: 2
[2016-04-19 23:00:19] EDIT QUIZES_OVERLOADED/controllers/default.py: 0
[2016-04-19 23:02:44] EDIT QUIZES_OVERLOADED/controllers/default.py: 1
[2016-04-19 23:03:48] EDIT QUIZES_OVERLOADED/controllers/default.py: 0
[2016-04-19 23:05:01] EDIT QUIZES_OVERLOADED/controllers/default.py: 1
[2016-04-19 23:05:09] EDIT QUIZES_OVERLOADED/controllers/default.py: 0
[2016-04-19 23:05:18] EDIT QUIZES_OVERLOADED/controllers/default.py: 0
[2016-04-19 23:06:02] EDIT QUIZES_OVERLOADED/controllers/default.py: 0
[2016-04-19 23:08:33] EDIT QUIZES_OVERLOADED/controllers/default.py: 0
[2016-04-19 23:26:51] EDIT QUIZES_OVERLOADED/controllers/default.py: 1
[2016-04-19 23:27:09] EDIT QUIZES_OVERLOADED/controllers/default.py: 0
[2016-04-19 23:27:12] EDIT QUIZES_OVERLOADED/controllers/default.py: 0
[2016-04-19 23:40:42] EDIT QUIZES_OVERLOADED/controllers/default.py: 0
[2016-04-20 00:09:21] EDIT QUIZES_OVERLOADED/controllers/default.py: 2
[2016-04-20 00:11:02] EDIT QUIZES_OVERLOADED/controllers/default.py: 0
[2016-04-20 00:11:53] CREATE default/finish.html: 0
[2016-04-20 00:16:15] EDIT QUIZES_OVERLOADED/views/default/finish.html: 11
[2016-04-20 00:16:57] EDIT QUIZES_OVERLOADED/controllers/default.py: 0
[2016-04-20 00:18:10] EDIT QUIZES_OVERLOADED/views/default/finish.html: 2
[2016-04-20 00:18:44] EDIT QUIZES_OVERLOADED/views/default/finish.html: 0
[2016-04-20 00:19:47] EDIT QUIZES_OVERLOADED/views/default/finish.html: 0
[2016-04-20 00:20:43] EDIT QUIZES_OVERLOADED/controllers/default.py: 3
[2016-04-20 00:30:12] EDIT QUIZES_OVERLOADED/controllers/default.py: 2
[2016-04-20 00:30:23] EDIT QUIZES_OVERLOADED/controllers/default.py: 0
[2016-04-20 00:31:17] EDIT QUIZES_OVERLOADED/controllers/default.py: -5
[2016-04-20 00:32:20] EDIT QUIZES_OVERLOADED/controllers/default.py: 3
[2016-04-20 00:33:14] EDIT QUIZES_OVERLOADED/controllers/default.py: 1
[2016-04-20 00:33:51] EDIT QUIZES_OVERLOADED/controllers/default.py: 1
[2016-04-20 00:33:57] EDIT QUIZES_OVERLOADED/controllers/default.py: 0
[2016-04-20 00:44:25] EDIT QUIZES_OVERLOADED/controllers/default.py: -12
[2016-04-20 00:44:45] EDIT QUIZES_OVERLOADED/controllers/default.py: 0
[2016-04-20 00:46:17] EDIT QUIZES_OVERLOADED/controllers/default.py: 0
[2016-04-20 00:46:53] EDIT QUIZES_OVERLOADED/views/default/show.html: 0
[2016-04-20 00:47:14] EDIT QUIZES_OVERLOADED/views/default/show.html: 0
[2016-04-20 00:54:56] EDIT QUIZES_OVERLOADED/controllers/default.py: 4
[2016-04-20 01:02:22] EDIT QUIZES_OVERLOADED/views/default/show.html: 1
[2016-04-20 01:04:53] EDIT QUIZES_OVERLOADED/views/default/show.html: 0
[2016-04-20 01:05:58] EDIT QUIZES_OVERLOADED/views/default/show.html: 1
[2016-04-20 01:06:45] EDIT QUIZES_OVERLOADED/views/default/show.html: 0
[2016-04-20 01:07:52] EDIT QUIZES_OVERLOADED/views/default/show.html: 0
[2016-04-20 01:07:52] EDIT QUIZES_OVERLOADED/views/default/show.html: 0
[2016-04-20 01:11:20] EDIT QUIZES_OVERLOADED/views/default/show.html: 2
[2016-04-20 01:11:43] EDIT QUIZES_OVERLOADED/views/default/show.html: 0
[2016-04-20 01:21:34] EDIT QUIZES_OVERLOADED/views/default/show.html: 0
[2016-04-20 01:25:44] EDIT QUIZES_OVERLOADED/views/default/show.html: 0
[2016-04-20 09:04:24] EDIT QUIZES_OVERLOADED/views/default/show.html: 1
[2016-04-20 09:26:38] EDIT QUIZES_OVERLOADED/views/default/show.html: -1
[2016-04-20 09:28:53] EDIT QUIZES_OVERLOADED/views/default/show.html: -1
[2016-04-20 09:29:05] EDIT QUIZES_OVERLOADED/views/default/show.html: 0
[2016-04-20 09:32:06] EDIT QUIZES_OVERLOADED/views/default/show.html: 0
[2016-04-20 09:32:24] EDIT QUIZES_OVERLOADED/views/default/show.html: 0
[2016-04-20 09:36:30] EDIT QUIZES_OVERLOADED/views/default/show.html: 1
[2016-04-20 09:36:45] EDIT QUIZES_OVERLOADED/views/default/show.html: 0
[2016-04-20 09:44:58] EDIT QUIZES_OVERLOADED/views/default/show.html: 0
[2016-04-20 09:46:04] EDIT QUIZES_OVERLOADED/views/default/show.html: 0
[2016-04-20 09:46:51] EDIT QUIZES_OVERLOADED/views/default/show.html: 0
[2016-04-20 09:47:09] EDIT QUIZES_OVERLOADED/views/default/show.html: 0
[2016-04-20 09:47:11] EDIT QUIZES_OVERLOADED/controllers/default.py: 0
[2016-04-20 11:05:55] EDIT QUIZES_OVERLOADED/controllers/default.py: 0
[2016-04-20 11:06:03] EDIT QUIZES_OVERLOADED/controllers/default.py: 0
[2016-04-20 11:06:43] EDIT QUIZES_OVERLOADED/controllers/default.py: 0
[2016-04-20 11:06:52] EDIT QUIZES_OVERLOADED/controllers/default.py: 0
[2016-04-20 11:18:44] EDIT QUIZES_OVERLOADED/views/default/show.html: 1
[2016-04-20 11:20:37] EDIT QUIZES_OVERLOADED/views/default/show.html: 1
[2016-04-20 11:20:45] EDIT QUIZES_OVERLOADED/views/default/show.html: 0
[2016-04-20 11:22:34] EDIT QUIZES_OVERLOADED/views/default/show.html: 0
[2016-04-20 11:23:03] EDIT QUIZES_OVERLOADED/views/default/show.html: 0
[2016-04-20 11:24:47] EDIT QUIZES_OVERLOADED/views/default/show.html: -1
[2016-04-20 11:26:56] EDIT QUIZES_OVERLOADED/views/default/show.html: 0
[2016-04-20 11:27:42] EDIT QUIZES_OVERLOADED/views/default/show.html: 0
[2016-04-20 11:52:17] EDIT QUIZES_OVERLOADED/views/default/show.html: 1
[2016-04-20 11:52:30] EDIT QUIZES_OVERLOADED/views/default/show.html: 0
[2016-04-20 11:52:55] EDIT QUIZES_OVERLOADED/views/default/show.html: 0
[2016-04-20 11:54:07] EDIT QUIZES_OVERLOADED/views/default/show.html: 0
[2016-04-20 11:55:18] EDIT QUIZES_OVERLOADED/views/default/index.html: 0
[2016-04-20 11:59:35] EDIT QUIZES_OVERLOADED/controllers/default.py: 0
[2016-04-20 12:00:41] EDIT QUIZES_OVERLOADED/controllers/default.py: 0
[2016-04-20 13:53:14] EDIT QUIZES_OVERLOADED/models/db.py: 1
[2016-04-20 13:53:42] EDIT QUIZES_OVERLOADED/models/db.py: 0
[2016-04-20 14:00:01] EDIT QUIZES_OVERLOADED/models/db.py: 0
[2016-04-20 14:00:07] EDIT QUIZES_OVERLOADED/models/db.py: 0
[2016-04-20 14:05:56] EDIT QUIZES_OVERLOADED/models/db.py: 0
[2016-04-20 14:19:40] EDIT QUIZES_OVERLOADED/models/db.py: 0
[2016-04-20 14:21:43] EDIT QUIZES_OVERLOADED/models/db.py: 1
[2016-04-20 14:21:57] EDIT QUIZES_OVERLOADED/models/db.py: 0
[2016-04-20 14:22:06] EDIT QUIZES_OVERLOADED/models/db.py: 0
[2016-04-20 14:23:24] EDIT QUIZES_OVERLOADED/models/db.py: 0
[2016-04-20 14:23:59] EDIT QUIZES_OVERLOADED/models/db.py: 0
[2016-04-20 14:24:16] EDIT QUIZES_OVERLOADED/models/db.py: 1
[2016-04-20 14:24:17] EDIT QUIZES_OVERLOADED/models/db.py: 0
[2016-04-20 14:24:36] EDIT QUIZES_OVERLOADED/models/db.py: 0
[2016-04-20 14:25:21] EDIT QUIZES_OVERLOADED/models/db.py: 0
[2016-04-20 14:25:51] EDIT QUIZES_OVERLOADED/models/db.py: 0
[2016-04-20 14:25:52] EDIT QUIZES_OVERLOADED/models/db.py: 0
[2016-04-20 14:25:52] EDIT QUIZES_OVERLOADED/models/db.py: 0
[2016-04-20 14:25:53] EDIT QUIZES_OVERLOADED/models/db.py: 0
[2016-04-20 14:25:54] EDIT QUIZES_OVERLOADED/models/db.py: 0
[2016-04-20 14:25:54] EDIT QUIZES_OVERLOADED/models/db.py: 0
[2016-04-20 14:26:05] EDIT QUIZES_OVERLOADED/models/db.py: 0
[2016-04-20 14:26:27] EDIT QUIZES_OVERLOADED/models/db.py: -1
[2016-04-20 14:26:57] EDIT QUIZES_OVERLOADED/models/db.py: -3
[2016-04-20 14:28:06] EDIT QUIZES_OVERLOADED/models/db.py: 0
[2016-04-20 14:30:21] EDIT QUIZES_OVERLOADED/models/db.py: 0
[2016-04-20 14:33:08] EDIT QUIZES_OVERLOADED/controllers/default.py: 2
[2016-04-20 14:35:42] EDIT QUIZES_OVERLOADED/controllers/default.py: 0
[2016-04-20 14:36:33] EDIT QUIZES_OVERLOADED/controllers/default.py: 0
[2016-04-20 14:44:33] EDIT QUIZES_OVERLOADED/controllers/default.py: 1
[2016-04-20 14:48:16] EDIT QUIZES_OVERLOADED/views/default/index.html: 12
[2016-04-20 14:48:18] EDIT QUIZES_OVERLOADED/views/default/index.html: 0
[2016-04-20 14:50:27] EDIT QUIZES_OVERLOADED/controllers/default.py: 1
[2016-04-20 14:51:18] EDIT QUIZES_OVERLOADED/controllers/default.py: 1
[2016-04-20 14:51:50] EDIT QUIZES_OVERLOADED/controllers/default.py: 0
[2016-04-20 14:52:40] EDIT QUIZES_OVERLOADED/controllers/default.py: 0
[2016-04-20 14:53:22] EDIT QUIZES_OVERLOADED/views/default/index.html: 0
[2016-04-20 14:53:56] EDIT QUIZES_OVERLOADED/views/default/index.html: 0
[2016-04-20 14:54:58] EDIT QUIZES_OVERLOADED/models/db.py: 0
[2016-04-20 14:56:16] EDIT QUIZES_OVERLOADED/controllers/default.py: 1
[2016-04-20 15:01:53] EDIT QUIZES_OVERLOADED/controllers/default.py: 0
[2016-04-20 15:02:11] EDIT QUIZES_OVERLOADED/views/default/index.html: 0
[2016-04-20 15:03:44] EDIT QUIZES_OVERLOADED/views/default/index.html: 0
[2016-04-20 15:06:04] EDIT QUIZES_OVERLOADED/views/default/index.html: 0
[2016-04-20 15:13:02] EDIT QUIZES_OVERLOADED/views/default/index.html: 4
[2016-04-20 15:14:43] EDIT QUIZES_OVERLOADED/views/default/index.html: 0
[2016-04-20 15:14:47] EDIT QUIZES_OVERLOADED/views/default/index.html: 0
[2016-04-20 15:20:01] EDIT QUIZES_OVERLOADED/controllers/default.py: 5
[2016-04-20 15:32:13] CREATE default/resume.html: 0
[2016-04-20 15:34:11] EDIT QUIZES_OVERLOADED/views/default/resume.html: 91
[2016-04-20 15:34:15] EDIT QUIZES_OVERLOADED/views/default/show.html: 0
[2016-04-20 15:34:34] EDIT QUIZES_OVERLOADED/views/default/resume.html: 0
[2016-04-20 15:35:49] EDIT QUIZES_OVERLOADED/controllers/default.py: 0
[2016-04-20 15:39:02] EDIT QUIZES_OVERLOADED/controllers/default.py: 0
[2016-04-20 15:40:08] EDIT QUIZES_OVERLOADED/controllers/default.py: 0
[2016-04-20 15:40:10] EDIT QUIZES_OVERLOADED/views/default/resume.html: 0
[2016-04-20 15:49:23] EDIT QUIZES_OVERLOADED/models/menu.py: 0
[2016-04-20 16:09:22] EDIT QUIZES_OVERLOADED/views/default/resume.html: 0
[2016-04-20 16:09:24] EDIT QUIZES_OVERLOADED/controllers/default.py: 0
[2016-04-20 16:12:51] EDIT QUIZES_OVERLOADED/controllers/default.py: 2
[2016-04-20 16:15:15] EDIT QUIZES_OVERLOADED/controllers/default.py: 0
[2016-04-20 16:16:28] EDIT QUIZES_OVERLOADED/controllers/default.py: 0
[2016-04-20 16:19:03] EDIT QUIZES_OVERLOADED/controllers/default.py: 2
[2016-04-20 16:22:59] EDIT QUIZES_OVERLOADED/controllers/default.py: 0
[2016-04-20 16:27:21] EDIT QUIZES_OVERLOADED/controllers/default.py: 2
[2016-04-20 16:27:33] EDIT QUIZES_OVERLOADED/controllers/default.py: 0
[2016-04-20 16:28:59] EDIT QUIZES_OVERLOADED/controllers/default.py: -1
[2016-04-20 16:34:32] EDIT QUIZES_OVERLOADED/controllers/default.py: 5
[2016-04-20 16:44:10] EDIT QUIZES_OVERLOADED/controllers/default.py: -5
[2016-04-20 16:45:30] EDIT QUIZES_OVERLOADED/controllers/default.py: 0
[2016-04-20 17:06:19] EDIT QUIZES_OVERLOADED/controllers/default.py: 0
[2016-04-20 17:06:21] EDIT QUIZES_OVERLOADED/views/default/resume.html: 0
[2016-04-20 17:06:23] EDIT QUIZES_OVERLOADED/views/default/show.html: 0
[2016-04-20 17:06:26] EDIT QUIZES_OVERLOADED/views/default/show.html: 0
[2016-04-20 21:01:23] EDIT QUIZES_OVERLOADED/views/layout.html: 10
[2016-04-20 21:02:17] EDIT QUIZES_OVERLOADED/views/layout.html: 0
[2016-04-20 21:04:36] EDIT QUIZES_OVERLOADED/views/layout.html: 0
[2016-04-20 21:17:08] EDIT QUIZES_OVERLOADED/views/layout.html: 0
[2016-04-20 21:25:17] EDIT QUIZES_OVERLOADED/views/layout.html: 0
[2016-04-20 21:26:13] EDIT QUIZES_OVERLOADED/views/layout.html: 0
[2016-04-20 21:40:44] EDIT QUIZES_OVERLOADED/views/layout.html: 0
[2016-04-20 21:46:35] EDIT QUIZES_OVERLOADED/views/layout.html: 0
[2016-04-20 21:50:37] EDIT QUIZES_OVERLOADED/views/default/resume.html: 0
[2016-04-20 22:14:26] EDIT QUIZES_OVERLOADED/views/default/resume.html: 0
[2016-04-20 22:16:46] EDIT QUIZES_OVERLOADED/views/default/resume.html: 0
[2016-04-20 22:16:57] EDIT QUIZES_OVERLOADED/views/default/resume.html: 0
[2016-04-20 22:18:15] EDIT QUIZES_OVERLOADED/models/db.py: 1
[2016-04-20 22:20:09] EDIT QUIZES_OVERLOADED/controllers/default.py: 0
[2016-04-20 22:21:19] EDIT QUIZES_OVERLOADED/models/db.py: 0
[2016-04-20 22:22:06] EDIT QUIZES_OVERLOADED/models/db.py: -1
[2016-04-20 22:23:06] EDIT QUIZES_OVERLOADED/models/db.py: 1
[2016-04-20 22:27:01] EDIT QUIZES_OVERLOADED/views/default/show.html: 0
[2016-04-20 22:27:11] EDIT QUIZES_OVERLOADED/controllers/default.py: 0
[2016-04-20 22:39:57] EDIT QUIZES_OVERLOADED/views/default/show.html: 2
[2016-04-20 22:42:10] EDIT QUIZES_OVERLOADED/controllers/default.py: 1
[2016-04-20 22:42:35] EDIT QUIZES_OVERLOADED/controllers/default.py: -1
[2016-04-20 22:42:37] EDIT QUIZES_OVERLOADED/controllers/default.py: 0
[2016-04-20 22:43:25] EDIT QUIZES_OVERLOADED/views/default/show.html: 1
[2016-04-20 22:43:31] EDIT QUIZES_OVERLOADED/views/default/show.html: 0
[2016-04-20 22:43:36] EDIT QUIZES_OVERLOADED/controllers/default.py: 0
[2016-04-20 22:43:38] EDIT QUIZES_OVERLOADED/views/default/show.html: 0
[2016-04-20 22:44:55] EDIT QUIZES_OVERLOADED/models/db.py: 0
[2016-04-20 22:45:18] EDIT QUIZES_OVERLOADED/controllers/default.py: 0
[2016-04-20 22:47:01] EDIT QUIZES_OVERLOADED/controllers/default.py: 0
[2016-04-20 22:49:50] EDIT QUIZES_OVERLOADED/views/default/show.html: 0
[2016-04-20 22:51:20] EDIT QUIZES_OVERLOADED/controllers/default.py: 0
[2016-04-20 22:52:27] EDIT QUIZES_OVERLOADED/views/default/show.html: 0
[2016-04-20 22:52:34] EDIT QUIZES_OVERLOADED/views/default/show.html: 0
[2016-04-20 22:52:40] EDIT QUIZES_OVERLOADED/views/default/show.html: 0
[2016-04-20 22:55:11] EDIT QUIZES_OVERLOADED/views/default/show.html: -1
[2016-04-20 22:55:29] EDIT QUIZES_OVERLOADED/views/default/show.html: -1
[2016-04-20 22:56:25] EDIT QUIZES_OVERLOADED/views/default/show.html: 2
[2016-04-20 22:57:23] EDIT QUIZES_OVERLOADED/views/default/show.html: 2
[2016-04-20 22:58:15] EDIT QUIZES_OVERLOADED/views/default/show.html: -1
[2016-04-20 22:58:53] EDIT QUIZES_OVERLOADED/controllers/default.py: 0
[2016-04-20 22:59:30] EDIT QUIZES_OVERLOADED/controllers/default.py: 0
[2016-04-20 23:01:32] EDIT QUIZES_OVERLOADED/controllers/default.py: 1
[2016-04-20 23:01:56] EDIT QUIZES_OVERLOADED/views/default/show.html: 0
[2016-04-20 23:02:04] EDIT QUIZES_OVERLOADED/models/db.py: 0
[2016-04-20 23:03:38] EDIT QUIZES_OVERLOADED/views/default/show.html: 4
[2016-04-20 23:23:19] EDIT QUIZES_OVERLOADED/views/default/show.html: -3
[2016-04-20 23:26:35] EDIT QUIZES_OVERLOADED/views/default/show.html: 2
[2016-04-20 23:27:09] EDIT QUIZES_OVERLOADED/views/default/show.html: 0
[2016-04-20 23:28:07] EDIT QUIZES_OVERLOADED/views/default/show.html: 0
[2016-04-20 23:28:44] EDIT QUIZES_OVERLOADED/views/default/show.html: 1
[2016-04-20 23:31:38] EDIT QUIZES_OVERLOADED/views/default/show.html: 0
[2016-04-20 23:32:19] EDIT QUIZES_OVERLOADED/views/default/show.html: 0
[2016-04-20 23:35:48] EDIT QUIZES_OVERLOADED/views/default/show.html: 1
[2016-04-20 23:37:43] EDIT QUIZES_OVERLOADED/views/default/show.html: 0
[2016-04-20 23:45:36] EDIT QUIZES_OVERLOADED/views/default/show.html: 9
[2016-04-20 23:45:51] EDIT QUIZES_OVERLOADED/views/default/show.html: 0
[2016-04-20 23:45:53] EDIT QUIZES_OVERLOADED/views/default/resume.html: 0
[2016-04-20 23:45:55] EDIT QUIZES_OVERLOADED/controllers/default.py: 0
[2016-04-20 23:47:15] EDIT QUIZES_OVERLOADED/views/default/show.html: 0
[2016-04-20 23:48:24] EDIT QUIZES_OVERLOADED/views/default/show.html: 0
[2016-04-20 23:49:24] EDIT QUIZES_OVERLOADED/views/default/show.html: 0
[2016-04-20 23:49:42] EDIT QUIZES_OVERLOADED/views/default/show.html: 0
[2016-04-20 23:51:38] EDIT QUIZES_OVERLOADED/views/default/show.html: 0
[2016-04-20 23:53:08] EDIT QUIZES_OVERLOADED/views/default/show.html: 0
[2016-04-20 23:55:28] EDIT QUIZES_OVERLOADED/views/default/resume.html: 18
[2016-04-20 23:58:40] EDIT QUIZES_OVERLOADED/views/default/resume.html: 0
[2016-04-20 23:58:42] EDIT QUIZES_OVERLOADED/views/default/show.html: 0
[2016-04-20 23:58:46] EDIT QUIZES_OVERLOADED/controllers/default.py: 0
[2016-04-21 00:00:04] EDIT QUIZES_OVERLOADED/controllers/default.py: 0
[2016-04-21 00:00:06] EDIT QUIZES_OVERLOADED/views/default/show.html: 0
[2016-04-21 00:00:09] EDIT QUIZES_OVERLOADED/views/default/resume.html: 0
[2016-04-26 10:24:05] EDIT QUIZES_OVERLOADED/views/default/index.html: 0
[2016-04-26 10:25:50] EDIT QUIZES_OVERLOADED/views/default/index.html: 0
[2016-04-26 10:28:07] EDIT QUIZES_OVERLOADED/views/default/index.html: 0
[2016-04-26 10:28:12] EDIT QUIZES_OVERLOADED/controllers/default.py: 0
[2016-04-30 18:40:30] EDIT QUIZES_OVERLOADED/views/layout.html: 0
[2016-04-30 18:41:01] EDIT QUIZES_OVERLOADED/views/layout.html: 0
[2016-04-30 18:50:24] EDIT QUIZES_OVERLOADED/views/layout.html: 0
[2016-04-30 19:04:54] EDIT QUIZES_OVERLOADED/views/layout.html: 0
[2016-04-30 19:05:18] EDIT QUIZES_OVERLOADED/views/layout.html: 0
[2016-04-30 19:08:02] EDIT QUIZES_OVERLOADED/views/layout.html: 0
[2016-04-30 19:10:11] EDIT QUIZES_OVERLOADED/views/layout.html: 0
[2016-04-30 19:14:01] EDIT QUIZES_OVERLOADED/views/layout.html: 0
[2016-04-30 19:14:01] EDIT QUIZES_OVERLOADED/views/layout.html: 0
[2016-04-30 19:16:20] EDIT QUIZES_OVERLOADED/views/layout.html: 0
[2016-04-30 19:16:59] EDIT QUIZES_OVERLOADED/views/layout.html: 0
[2016-04-30 19:18:18] EDIT QUIZES_OVERLOADED/views/layout.html: 0
[2016-04-30 19:18:35] EDIT QUIZES_OVERLOADED/views/layout.html: 0
[2016-04-30 19:25:00] EDIT QUIZES_OVERLOADED/static/css/web2py-bootstrap3.css: 0
[2016-04-30 19:29:07] EDIT QUIZES_OVERLOADED/static/css/bootstrap.min.css: 0
[2016-04-30 21:33:23] EDIT QUIZES_OVERLOADED/static/css/bootstrap.min.css: 0
[2016-04-30 21:38:02] EDIT QUIZES_OVERLOADED/controllers/default.py: 0
[2016-04-30 21:42:58] EDIT QUIZES_OVERLOADED/views/default/resume.html: 0
[2016-05-01 00:25:42] EDIT QUIZES_OVERLOADED/views/layout.html: 0
[2016-05-01 00:40:05] EDIT QUIZES_OVERLOADED/views/layout.html: 0
[2016-05-01 01:18:51] EDIT QUIZES_OVERLOADED/views/layout.html: 0
[2016-05-01 01:19:08] EDIT QUIZES_OVERLOADED/views/layout.html: 0
[2016-05-01 01:22:47] EDIT QUIZES_OVERLOADED/views/default/index.html: 15
[2016-05-01 01:23:45] EDIT QUIZES_OVERLOADED/views/default/index.html: 0
[2016-05-01 01:34:36] EDIT QUIZES_OVERLOADED/views/default/index.html: -1
[2016-05-01 01:35:07] EDIT QUIZES_OVERLOADED/views/default/index.html: -1
[2016-05-01 01:36:47] EDIT QUIZES_OVERLOADED/views/default/index.html: 1
[2016-05-01 01:37:37] EDIT QUIZES_OVERLOADED/views/layout.html: -7
[2016-05-01 01:58:34] EDIT QUIZES_OVERLOADED/views/layout.html: 7
[2016-05-01 02:03:51] EDIT QUIZES_OVERLOADED/views/layout.html: 0
[2016-05-01 02:16:55] EDIT QUIZES_OVERLOADED/views/layout.html: 0
[2016-05-01 02:24:01] EDIT QUIZES_OVERLOADED/views/layout.html: 0
[2016-05-01 02:24:32] EDIT QUIZES_OVERLOADED/views/layout.html: 0
[2016-05-01 02:25:25] EDIT QUIZES_OVERLOADED/static/css/bootstrap.min.css: 0
[2016-05-01 02:25:43] EDIT QUIZES_OVERLOADED/static/css/bootstrap.min.css: 0
[2016-05-01 02:25:44] EDIT QUIZES_OVERLOADED/static/css/bootstrap.min.css: 0
[2016-05-01 02:26:38] EDIT QUIZES_OVERLOADED/views/layout.html: 0
[2016-05-01 02:29:31] EDIT QUIZES_OVERLOADED/views/layout.html: 0
[2016-05-01 02:30:26] EDIT QUIZES_OVERLOADED/static/css/bootstrap.min.css: 0
[2016-05-01 02:31:04] EDIT QUIZES_OVERLOADED/static/css/web2py-bootstrap3.css: 0
[2016-05-01 02:31:33] EDIT QUIZES_OVERLOADED/static/css/web2py-bootstrap3.css: 0
[2016-05-01 02:34:15] EDIT QUIZES_OVERLOADED/static/css/web2py-bootstrap3.css: 0
[2016-05-01 02:35:21] EDIT QUIZES_OVERLOADED/views/default/index.html: 2
[2016-05-01 02:38:14] EDIT QUIZES_OVERLOADED/views/default/index.html: -18
[2016-05-01 02:39:51] EDIT QUIZES_OVERLOADED/views/default/index.html: 3
[2016-05-01 02:40:47] EDIT QUIZES_OVERLOADED/views/default/index.html: 0
[2016-05-01 02:41:41] EDIT QUIZES_OVERLOADED/views/default/index.html: 0
[2016-05-01 02:42:22] EDIT QUIZES_OVERLOADED/views/default/index.html: 0
[2016-05-01 02:50:38] EDIT QUIZES_OVERLOADED/views/default/index.html: 0
[2016-05-01 02:52:14] EDIT QUIZES_OVERLOADED/views/default/index.html: 0
[2016-05-01 02:55:22] EDIT QUIZES_OVERLOADED/views/default/index.html: 3
[2016-05-01 02:55:58] EDIT QUIZES_OVERLOADED/views/default/index.html: 0
[2016-05-01 02:58:25] EDIT QUIZES_OVERLOADED/views/default/index.html: 0
[2016-05-01 02:59:17] EDIT QUIZES_OVERLOADED/views/default/index.html: 0
[2016-05-01 03:10:12] EDIT QUIZES_OVERLOADED/views/default/index.html: 0
[2016-05-01 03:11:29] EDIT QUIZES_OVERLOADED/views/default/index.html: 0
[2016-05-01 03:12:57] EDIT QUIZES_OVERLOADED/views/default/index.html: 0
[2016-05-01 03:15:40] EDIT QUIZES_OVERLOADED/views/default/index.html: 0
[2016-05-01 03:20:39] EDIT QUIZES_OVERLOADED/views/default/index.html: 3
[2016-05-01 03:21:29] EDIT QUIZES_OVERLOADED/views/default/index.html: 3
[2016-05-01 03:23:10] EDIT QUIZES_OVERLOADED/views/default/index.html: 0
[2016-05-01 03:29:58] EDIT QUIZES_OVERLOADED/views/default/index.html: 5
[2016-05-01 03:31:09] EDIT QUIZES_OVERLOADED/views/default/index.html: 0
[2016-05-01 03:31:33] EDIT QUIZES_OVERLOADED/views/default/index.html: 0
[2016-05-01 03:33:06] EDIT QUIZES_OVERLOADED/views/default/index.html: 0
[2016-05-01 03:33:42] EDIT QUIZES_OVERLOADED/views/default/index.html: 0
[2016-05-01 03:40:19] EDIT QUIZES_OVERLOADED/views/default/index.html: 0
[2016-05-01 03:43:53] EDIT QUIZES_OVERLOADED/views/default/index.html: 0
[2016-05-01 03:45:08] EDIT QUIZES_OVERLOADED/views/default/index.html: 0
[2016-05-01 03:49:11] EDIT QUIZES_OVERLOADED/views/default/index.html: 0
[2016-05-01 03:55:11] EDIT QUIZES_OVERLOADED/views/default/index.html: 6
[2016-05-01 03:56:21] EDIT QUIZES_OVERLOADED/views/default/index.html: 0
[2016-05-01 03:58:51] EDIT QUIZES_OVERLOADED/views/default/index.html: 1
[2016-05-01 04:04:13] EDIT QUIZES_OVERLOADED/views/default/index.html: 3
[2016-05-01 04:11:35] EDIT QUIZES_OVERLOADED/views/default/index.html: 0
[2016-05-01 04:11:38] EDIT QUIZES_OVERLOADED/controllers/default.py: 0
[2016-05-01 04:11:40] EDIT QUIZES_OVERLOADED/views/layout.html: 0
[2016-05-01 15:05:55] EDIT QUIZES_OVERLOADED/static/css/bootstrap.min.css: 0
[2016-05-01 15:13:14] EDIT QUIZES_OVERLOADED/static/css/bootstrap.min.css: 0
[2016-05-01 15:15:40] EDIT QUIZES_OVERLOADED/static/css/bootstrap.min.css: 0
[2016-05-01 15:17:09] EDIT QUIZES_OVERLOADED/static/css/bootstrap.min.css: 0
[2016-05-01 15:34:37] EDIT QUIZES_OVERLOADED/static/css/bootstrap.min.css.bak: 0
[2016-05-01 15:35:43] EDIT QUIZES_OVERLOADED/static/css/bootstrap.min.css.bak: 0
[2016-05-01 15:36:44] EDIT QUIZES_OVERLOADED/static/css/bootstrap.min.css.bak: 0
[2016-05-01 15:36:55] EDIT QUIZES_OVERLOADED/static/css/bootstrap.min.css.bak: 0
[2016-05-01 15:54:32] EDIT QUIZES_OVERLOADED/static/css/bootstrap.min.css: 0
[2016-05-01 15:55:32] EDIT QUIZES_OVERLOADED/static/css/bootstrap.min.css: 0
[2016-05-01 15:56:25] EDIT QUIZES_OVERLOADED/static/css/bootstrap.min.css: 0
[2016-05-01 16:09:59] EDIT QUIZES_OVERLOADED/static/css/bootstrap.min.css: 0
[2016-05-01 16:16:22] EDIT QUIZES_OVERLOADED/static/css/bootstrap.min.css: 0
[2016-05-01 16:22:37] EDIT QUIZES_OVERLOADED/static/css/bootstrap.min.css: 0
[2016-05-01 16:27:37] EDIT QUIZES_OVERLOADED/static/css/bootstrap.min.css: 0
[2016-05-01 16:46:53] EDIT QUIZES_OVERLOADED/static/css/bootstrap.min.css: 0
[2016-05-01 16:47:21] EDIT QUIZES_OVERLOADED/static/css/bootstrap.min.css: 0
[2016-05-01 17:09:22] EDIT QUIZES_OVERLOADED/views/default/show.html: 4
[2016-05-01 17:32:32] EDIT QUIZES_OVERLOADED/views/default/show.html: 0
[2016-05-01 17:38:59] EDIT QUIZES_OVERLOADED/views/default/show.html: 0
[2016-05-01 17:50:28] EDIT QUIZES_OVERLOADED/views/default/show.html: 0
[2016-05-01 17:51:22] EDIT QUIZES_OVERLOADED/views/default/show.html: 0
[2016-05-01 18:24:21] EDIT QUIZES_OVERLOADED/views/default/show.html: 0
[2016-05-01 18:27:22] EDIT QUIZES_OVERLOADED/controllers/default.py: 0
[2016-05-01 18:27:24] EDIT QUIZES_OVERLOADED/views/default/show.html: 0
[2016-05-01 18:28:52] EDIT QUIZES_OVERLOADED/views/default/show.html: 0
[2016-05-01 18:31:59] EDIT QUIZES_OVERLOADED/controllers/default.py: 0
[2016-05-01 18:32:45] EDIT QUIZES_OVERLOADED/controllers/default.py: 0
[2016-05-01 18:33:22] EDIT QUIZES_OVERLOADED/views/default/index.html: -1
[2016-05-01 18:43:40] EDIT QUIZES_OVERLOADED/views/default/show.html: 0
[2016-05-01 18:44:53] EDIT QUIZES_OVERLOADED/views/default/show.html: 0
[2016-05-01 18:49:04] EDIT QUIZES_OVERLOADED/views/default/show.html: 0
[2016-05-01 18:58:32] EDIT QUIZES_OVERLOADED/views/default/show.html: 0
[2016-05-01 19:00:14] EDIT QUIZES_OVERLOADED/views/default/show.html: 0
[2016-05-01 19:03:03] EDIT QUIZES_OVERLOADED/views/default/show.html: 0
[2016-05-01 19:03:52] EDIT QUIZES_OVERLOADED/views/default/show.html: 0
[2016-05-01 19:06:36] EDIT QUIZES_OVERLOADED/views/default/show.html: 0
[2016-05-01 19:08:10] EDIT QUIZES_OVERLOADED/views/default/show.html: 0
[2016-05-01 19:08:48] EDIT QUIZES_OVERLOADED/views/default/show.html: 0
[2016-05-01 19:17:44] EDIT QUIZES_OVERLOADED/views/default/finish.html: 0
[2016-05-01 21:58:41] EDIT QUIZES_OVERLOADED/views/default/finish.html: 0
[2016-05-01 21:59:51] EDIT QUIZES_OVERLOADED/controllers/default.py: 6
[2016-05-01 22:01:17] CREATE default/res.html: 0
[2016-05-01 22:05:47] EDIT QUIZES_OVERLOADED/views/default/res.html: 48
[2016-05-01 22:05:53] EDIT QUIZES_OVERLOADED/views/default/res.html: 0
[2016-05-01 22:07:04] EDIT QUIZES_OVERLOADED/views/default/res.html: -2
[2016-05-01 22:09:31] EDIT QUIZES_OVERLOADED/views/default/index.html: -10
[2016-05-01 22:20:02] EDIT QUIZES_OVERLOADED/views/default/index.html: 0
[2016-05-01 22:22:05] EDIT QUIZES_OVERLOADED/views/default/index.html: 0
[2016-05-01 22:23:28] EDIT QUIZES_OVERLOADED/views/default/index.html: 0
[2016-05-01 22:23:46] EDIT QUIZES_OVERLOADED/views/default/index.html: 0
[2016-05-01 22:23:49] EDIT QUIZES_OVERLOADED/views/default/index.html: 0
[2016-05-01 22:25:01] EDIT QUIZES_OVERLOADED/views/default/res.html: 0
[2016-05-01 22:26:28] EDIT QUIZES_OVERLOADED/views/default/res.html: 0
[2016-05-01 22:27:07] EDIT QUIZES_OVERLOADED/views/default/index.html: 0
[2016-05-01 22:30:55] EDIT QUIZES_OVERLOADED/views/default/res.html: 0
[2016-05-01 22:32:26] EDIT QUIZES_OVERLOADED/views/default/res.html: 0
[2016-05-01 22:33:00] EDIT QUIZES_OVERLOADED/views/default/res.html: 0
[2016-05-01 22:34:10] EDIT QUIZES_OVERLOADED/views/default/res.html: 0
[2016-05-01 22:37:58] EDIT QUIZES_OVERLOADED/controllers/default.py: 0
[2016-05-01 22:38:02] EDIT QUIZES_OVERLOADED/controllers/default.py: 0
[2016-05-01 22:41:30] EDIT QUIZES_OVERLOADED/views/default/resume.html: 0
[2016-05-01 22:42:20] EDIT QUIZES_OVERLOADED/views/default/resume.html: 0
[2016-05-01 22:42:27] EDIT QUIZES_OVERLOADED/views/default/index.html: 0
[2016-05-01 22:42:29] EDIT QUIZES_OVERLOADED/views/default/finish.html: 0
[2016-05-01 22:42:32] EDIT QUIZES_OVERLOADED/views/default/res.html: 0
[2016-05-01 22:42:34] EDIT QUIZES_OVERLOADED/views/default/show.html: 0
[2016-05-01 22:42:36] EDIT QUIZES_OVERLOADED/controllers/default.py: 0
[2016-05-01 23:04:52] EDIT QUIZES_OVERLOADED/static/css/bootstrap.min.css: 0
[2016-05-01 23:05:09] EDIT QUIZES_OVERLOADED/static/css/bootstrap.min.css: 0
[2016-05-01 23:05:56] EDIT QUIZES_OVERLOADED/static/css/bootstrap.min.css: 0
[2016-05-01 23:05:56] EDIT QUIZES_OVERLOADED/static/css/bootstrap.min.css: 0
[2016-05-01 23:08:16] EDIT QUIZES_OVERLOADED/static/css/bootstrap.min.css: 0
[2016-05-01 23:37:23] EDIT QUIZES_OVERLOADED/static/css/bootstrap.min.css: 0
[2016-05-01 23:42:47] EDIT QUIZES_OVERLOADED/controllers/default.py: 0
[2016-05-01 23:44:06] EDIT QUIZES_OVERLOADED/controllers/default.py: 0
[2016-05-01 23:45:18] EDIT QUIZES_OVERLOADED/controllers/default.py: 0
[2016-05-01 23:45:49] EDIT QUIZES_OVERLOADED/controllers/default.py: 0
[2016-05-01 23:48:20] EDIT QUIZES_OVERLOADED/controllers/default.py: 0
[2016-05-01 23:51:59] EDIT QUIZES_OVERLOADED/models/db.py: 4
[2016-05-01 23:54:13] EDIT QUIZES_OVERLOADED/controllers/default.py: 0
[2016-05-01 23:54:53] EDIT QUIZES_OVERLOADED/models/db.py: 0
[2016-05-01 23:58:40] EDIT QUIZES_OVERLOADED/controllers/default.py: 2
[2016-05-02 00:01:19] EDIT QUIZES_OVERLOADED/controllers/default.py: 2
[2016-05-02 00:03:03] EDIT QUIZES_OVERLOADED/controllers/default.py: 1
[2016-05-02 00:31:48] EDIT QUIZES_OVERLOADED/controllers/default.py: 0
[2016-05-02 00:32:01] EDIT QUIZES_OVERLOADED/models/db.py: 0
[2016-05-02 00:38:22] EDIT QUIZES_OVERLOADED/controllers/default.py: 1
[2016-05-02 00:38:38] EDIT QUIZES_OVERLOADED/controllers/default.py: 0
[2016-05-02 00:48:33] EDIT QUIZES_OVERLOADED/controllers/default.py: 1
[2016-05-02 00:48:46] EDIT QUIZES_OVERLOADED/controllers/default.py: 0
[2016-05-02 00:51:35] EDIT QUIZES_OVERLOADED/controllers/default.py: 0
[2016-05-02 00:54:17] EDIT QUIZES_OVERLOADED/controllers/default.py: 0
[2016-05-02 00:58:40] EDIT QUIZES_OVERLOADED/controllers/default.py: 1
[2016-05-02 01:00:21] EDIT QUIZES_OVERLOADED/controllers/default.py: 0
[2016-05-02 01:03:20] EDIT QUIZES_OVERLOADED/controllers/default.py: 0
[2016-05-02 01:11:21] EDIT QUIZES_OVERLOADED/views/default/finish.html: 8
[2016-05-02 01:12:31] EDIT QUIZES_OVERLOADED/controllers/default.py: -1
[2016-05-02 01:13:00] EDIT QUIZES_OVERLOADED/controllers/default.py: 0
[2016-05-02 01:14:16] EDIT QUIZES_OVERLOADED/controllers/default.py: 0
[2016-05-02 01:21:50] EDIT QUIZES_OVERLOADED/controllers/default.py: 1
[2016-05-02 01:22:10] EDIT QUIZES_OVERLOADED/views/default/show.html: 0
[2016-05-02 01:22:12] EDIT QUIZES_OVERLOADED/controllers/default.py: 0
[2016-05-02 01:22:40] EDIT QUIZES_OVERLOADED/models/db.py: 0
[2016-05-02 01:26:45] EDIT QUIZES_OVERLOADED/views/default/finish.html: 7
[2016-05-02 01:29:37] EDIT QUIZES_OVERLOADED/views/default/finish.html: 6
[2016-05-02 01:30:51] EDIT QUIZES_OVERLOADED/views/default/finish.html: 1
[2016-05-02 01:31:04] EDIT QUIZES_OVERLOADED/views/default/finish.html: 0
[2016-05-02 01:32:19] EDIT QUIZES_OVERLOADED/views/default/finish.html: 0
[2016-05-02 01:33:30] EDIT QUIZES_OVERLOADED/views/default/finish.html: 0
[2016-05-02 01:50:21] EDIT QUIZES_OVERLOADED/views/default/finish.html: 0
[2016-05-02 02:02:31] EDIT QUIZES_OVERLOADED/views/default/finish.html: 9
[2016-05-02 02:04:20] EDIT QUIZES_OVERLOADED/views/default/finish.html: 0
[2016-05-02 02:05:43] EDIT QUIZES_OVERLOADED/views/default/finish.html: 0
[2016-05-02 02:06:14] EDIT QUIZES_OVERLOADED/views/default/finish.html: 1
[2016-05-02 02:06:39] EDIT QUIZES_OVERLOADED/views/default/finish.html: 0
[2016-05-02 02:07:52] EDIT QUIZES_OVERLOADED/views/default/finish.html: 1
[2016-05-02 02:08:33] EDIT QUIZES_OVERLOADED/views/default/finish.html: 0
[2016-05-02 02:12:58] EDIT QUIZES_OVERLOADED/views/default/finish.html: 0
[2016-05-02 02:18:03] EDIT QUIZES_OVERLOADED/views/default/finish.html: 0
[2016-05-02 02:19:56] EDIT QUIZES_OVERLOADED/views/default/finish.html: 0
[2016-05-02 02:26:10] EDIT QUIZES_OVERLOADED/views/default/finish.html: 0
[2016-05-02 02:27:50] EDIT QUIZES_OVERLOADED/views/default/finish.html: 0
[2016-05-02 02:30:45] EDIT QUIZES_OVERLOADED/views/default/finish.html: 1
[2016-05-02 02:31:47] EDIT QUIZES_OVERLOADED/views/default/finish.html: 0
[2016-05-02 02:34:36] EDIT QUIZES_OVERLOADED/views/default/finish.html: 0
[2016-05-02 02:37:49] EDIT QUIZES_OVERLOADED/views/default/finish.html: 3
[2016-05-02 02:38:14] EDIT QUIZES_OVERLOADED/views/default/finish.html: 0
[2016-05-02 02:40:50] EDIT QUIZES_OVERLOADED/views/default/finish.html: 1
[2016-05-02 02:41:54] EDIT QUIZES_OVERLOADED/views/default/finish.html: 4
[2016-05-02 02:43:52] EDIT QUIZES_OVERLOADED/views/default/finish.html: 0
[2016-05-02 02:44:55] EDIT QUIZES_OVERLOADED/views/default/finish.html: 0
[2016-05-02 02:45:51] EDIT QUIZES_OVERLOADED/views/default/finish.html: 0
[2016-05-02 02:57:56] EDIT QUIZES_OVERLOADED/views/default/finish.html: 0
[2016-05-02 02:58:06] EDIT QUIZES_OVERLOADED/views/default/finish.html: 0
[2016-05-02 02:58:37] EDIT QUIZES_OVERLOADED/views/default/finish.html: 0
[2016-05-02 02:59:58] EDIT QUIZES_OVERLOADED/views/default/finish.html: 0
[2016-05-02 03:02:17] EDIT QUIZES_OVERLOADED/views/default/finish.html: 0
[2016-05-02 03:03:02] EDIT QUIZES_OVERLOADED/views/default/show.html: 0
[2016-05-02 03:10:25] EDIT QUIZES_OVERLOADED/views/default/show.html: 0
[2016-05-02 03:23:24] EDIT QUIZES_OVERLOADED/views/default/show.html: 0
[2016-05-02 03:23:27] EDIT QUIZES_OVERLOADED/views/default/index.html: 0
[2016-05-02 03:23:29] EDIT QUIZES_OVERLOADED/views/default/finish.html: 0
[2016-05-02 03:23:32] EDIT QUIZES_OVERLOADED/controllers/default.py: 0
[2016-05-02 03:26:20] EDIT QUIZES_OVERLOADED/views/default/resume.html: 0
[2016-05-02 03:29:27] EDIT QUIZES_OVERLOADED/views/default/resume.html: 0
[2016-05-02 03:30:00] EDIT QUIZES_OVERLOADED/views/default/resume.html: 0
[2016-05-02 03:36:23] EDIT QUIZES_OVERLOADED/views/default/resume.html: 0
[2016-05-02 03:37:04] EDIT QUIZES_OVERLOADED/views/default/resume.html: 0
[2016-05-02 03:38:25] EDIT QUIZES_OVERLOADED/views/default/resume.html: 0
[2016-05-02 03:39:18] EDIT QUIZES_OVERLOADED/views/default/resume.html: 0
[2016-05-02 03:40:41] EDIT QUIZES_OVERLOADED/views/default/resume.html: 4
[2016-05-02 03:40:43] EDIT QUIZES_OVERLOADED/views/default/show.html: 0
[2016-05-02 03:42:14] EDIT QUIZES_OVERLOADED/views/default/resume.html: 0
[2016-05-02 03:53:11] EDIT QUIZES_OVERLOADED/views/default/resume.html: 0
[2016-05-02 03:59:04] EDIT QUIZES_OVERLOADED/views/default/resume.html: 0
[2016-05-02 03:59:09] EDIT QUIZES_OVERLOADED/views/default/resume.html: 0
[2016-05-02 04:00:24] EDIT QUIZES_OVERLOADED/views/default/resume.html: 0
[2016-05-02 04:14:55] CREATE default/title.html: 0
[2016-05-02 04:15:20] CREATE default/upload_quiz.html: 0
[2016-05-02 04:16:20] EDIT QUIZES_OVERLOADED/views/default/title.html: 0
[2016-05-02 04:16:53] EDIT QUIZES_OVERLOADED/views/default/upload_quiz.html: 0
[2016-05-02 04:17:25] EDIT QUIZES_OVERLOADED/views/default/upload_quiz.html: 0
[2016-05-02 04:17:29] EDIT QUIZES_OVERLOADED/views/default/title.html: 0
[2016-05-02 04:19:48] EDIT QUIZES_OVERLOADED/controllers/default.py: 6
[2016-05-02 04:19:50] EDIT QUIZES_OVERLOADED/controllers/default.py: 0
[2016-05-02 04:19:53] EDIT QUIZES_OVERLOADED/views/default/title.html: 0
[2016-05-02 04:19:56] EDIT QUIZES_OVERLOADED/views/default/upload_quiz.html: 0
[2016-05-02 04:22:04] EDIT QUIZES_OVERLOADED/views/default/upload_quiz.html: 0
[2016-05-02 04:24:26] EDIT QUIZES_OVERLOADED/views/default/upload_quiz.html: 0
[2016-05-02 04:25:08] EDIT QUIZES_OVERLOADED/views/default/index.html: 0
[2016-05-02 04:26:30] EDIT QUIZES_OVERLOADED/views/default/res.html: 0
[2016-05-02 04:26:58] EDIT QUIZES_OVERLOADED/views/default/resume.html: 0
[2016-05-02 04:27:02] EDIT QUIZES_OVERLOADED/views/default/res.html: 0
[2016-05-02 04:27:06] EDIT QUIZES_OVERLOADED/views/default/index.html: 0
[2016-05-02 04:27:38] EDIT QUIZES_OVERLOADED/static/css/bootstrap.min.css: 0
[2016-05-02 04:30:45] EDIT QUIZES_OVERLOADED/static/css/bootstrap.min.css: 0
[2016-05-02 04:40:02] EDIT QUIZES_OVERLOADED/views/default/user.html: 0
[2016-05-02 04:44:01] EDIT QUIZES_OVERLOADED/static/css/bootstrap.min.css: 0
[2016-05-02 04:49:54] EDIT QUIZES_OVERLOADED/static/css/bootstrap.min.css: 0
[2016-05-02 05:14:53] EDIT QUIZES_OVERLOADED/static/css/bootstrap.min.css: 0
[2016-05-02 05:16:17] EDIT QUIZES_OVERLOADED/static/css/bootstrap.min.css: 0
[2016-05-02 05:17:36] EDIT QUIZES_OVERLOADED/static/css/bootstrap.min.css: 0
[2016-05-02 05:20:00] EDIT QUIZES_OVERLOADED/static/css/bootstrap.min.css: 0
[2016-05-02 05:22:02] EDIT QUIZES_OVERLOADED/views/default/show.html: 0
[2016-05-02 05:23:36] EDIT QUIZES_OVERLOADED/views/default/resume.html: 0
[2016-05-02 05:24:59] EDIT QUIZES_OVERLOADED/views/default/res.html: 0
[2016-05-02 05:25:24] EDIT QUIZES_OVERLOADED/views/default/index.html: 0
[2016-05-02 05:26:46] EDIT QUIZES_OVERLOADED/views/default/index.html: 0
[2016-05-02 05:28:52] EDIT QUIZES_OVERLOADED/views/default/index.html: 0
[2016-05-02 05:30:26] EDIT QUIZES_OVERLOADED/views/default/index.html: 0
[2016-05-02 05:30:53] EDIT QUIZES_OVERLOADED/views/default/index.html: 0
[2016-05-02 05:30:55] EDIT QUIZES_OVERLOADED/controllers/default.py: 0
[2016-05-02 05:30:57] EDIT QUIZES_OVERLOADED/views/default/show.html: 0
[2016-05-02 05:30:59] EDIT QUIZES_OVERLOADED/views/default/res.html: 0
[2016-05-02 05:31:02] EDIT QUIZES_OVERLOADED/views/default/resume.html: 0
[2016-05-02 05:33:33] EDIT QUIZES_OVERLOADED/views/default/resume.html: 0
[2016-05-02 05:48:25] EDIT QUIZES_OVERLOADED/models/db.py: 3
[2016-05-02 05:59:35] EDIT QUIZES_OVERLOADED/controllers/default.py: 6
[2016-05-02 06:00:00] EDIT QUIZES_OVERLOADED/controllers/default.py: 0
[2016-05-02 06:00:26] EDIT QUIZES_OVERLOADED/controllers/default.py: 0
[2016-05-02 06:06:58] EDIT QUIZES_OVERLOADED/views/default/finish.html: 5
[2016-05-02 06:07:00] EDIT QUIZES_OVERLOADED/views/default/finish.html: 0
[2016-05-02 06:12:07] EDIT QUIZES_OVERLOADED/controllers/default.py: 15
[2016-05-02 06:12:18] EDIT QUIZES_OVERLOADED/views/default/finish.html: 0
[2016-05-02 06:13:58] EDIT QUIZES_OVERLOADED/views/default/finish.html: 0
[2016-05-02 06:15:28] EDIT QUIZES_OVERLOADED/views/default/finish.html: 0
[2016-05-02 06:20:07] EDIT QUIZES_OVERLOADED/views/default/finish.html: 0
[2016-05-02 06:23:07] EDIT QUIZES_OVERLOADED/views/default/finish.html: 0
[2016-05-02 06:23:08] EDIT QUIZES_OVERLOADED/controllers/default.py: 0
[2016-05-02 13:37:07] EDIT QUIZES_OVERLOADED/controllers/default.py: 0
[2016-05-02 13:40:27] EDIT QUIZES_OVERLOADED/controllers/default.py: 0
[2016-05-02 13:40:37] EDIT QUIZES_OVERLOADED/controllers/default.py: 0
[2016-05-02 13:41:43] EDIT QUIZES_OVERLOADED/controllers/default.py: 0
[2016-05-02 13:44:19] EDIT QUIZES_OVERLOADED/models/menu.py: 0
[2016-05-02 13:46:09] EDIT QUIZES_OVERLOADED/models/menu.py: 0
[2016-05-02 13:47:20] EDIT QUIZES_OVERLOADED/static/css/web2py-bootstrap3.css: 0
[2016-05-02 13:48:33] EDIT QUIZES_OVERLOADED/static/css/web2py-bootstrap3.css: 0
[2016-05-02 13:51:36] EDIT QUIZES_OVERLOADED/static/css/web2py-bootstrap3.css: 0
[2016-05-02 13:52:14] EDIT QUIZES_OVERLOADED/static/css/web2py-bootstrap3.css: 0
[2016-05-02 13:54:32] EDIT QUIZES_OVERLOADED/models/menu.py: 0
[2016-05-02 13:55:09] EDIT QUIZES_OVERLOADED/models/menu.py: -2
[2016-05-02 13:56:45] EDIT QUIZES_OVERLOADED/models/menu.py: -86
[2016-05-02 13:59:07] EDIT QUIZES_OVERLOADED/models/menu.py: 5
[2016-05-02 13:59:20] EDIT QUIZES_OVERLOADED/models/menu.py: 0
[2016-05-02 13:59:21] EDIT QUIZES_OVERLOADED/models/menu.py: 0
[2016-05-02 13:59:44] EDIT QUIZES_OVERLOADED/models/menu.py: 0
[2016-05-02 16:31:17] EDIT QUIZES_OVERLOADED/static/css/bootstrap.min.css: 0
[2016-05-02 16:31:31] EDIT QUIZES_OVERLOADED/static/css/bootstrap.min.css: 0
[2016-05-02 16:33:33] EDIT QUIZES_OVERLOADED/static/css/bootstrap.min.css: 0
[2016-05-02 16:34:06] EDIT QUIZES_OVERLOADED/static/css/bootstrap.min.css: 0
[2016-05-02 16:34:22] EDIT QUIZES_OVERLOADED/static/css/bootstrap.min.css: 0
[2016-05-02 16:36:23] EDIT QUIZES_OVERLOADED/static/css/bootstrap.min.css: 0
[2016-05-02 16:36:42] EDIT QUIZES_OVERLOADED/models/menu.py: 0
[2016-05-02 16:38:09] EDIT QUIZES_OVERLOADED/views/layout.html: 0
[2016-05-02 16:39:18] EDIT QUIZES_OVERLOADED/views/layout.html: 0
[2016-05-02 16:40:04] EDIT QUIZES_OVERLOADED/views/layout.html: 0
[2016-05-02 16:43:55] EDIT QUIZES_OVERLOADED/models/menu.py: 0
[2016-05-02 16:46:27] EDIT QUIZES_OVERLOADED/models/menu.py: 0
[2016-05-02 16:46:31] EDIT QUIZES_OVERLOADED/models/menu.py: 0
[2016-05-02 16:46:33] EDIT QUIZES_OVERLOADED/controllers/default.py: 0
[2016-05-02 16:48:16] EDIT QUIZES_OVERLOADED/controllers/default.py: 0
[2016-05-02 16:52:05] EDIT QUIZES_OVERLOADED/controllers/default.py: 0
[2016-05-02 16:52:08] EDIT QUIZES_OVERLOADED/models/menu.py: 0
[2016-05-02 16:54:01] EDIT QUIZES_OVERLOADED/static/css/bootstrap.min.css: 0
[2016-05-02 16:58:42] EDIT QUIZES_OVERLOADED/static/css/bootstrap.min.css: 0
[2016-05-02 16:58:56] EDIT QUIZES_OVERLOADED/static/css/bootstrap.min.css: 0
[2016-05-02 17:05:22] EDIT QUIZES_OVERLOADED/static/css/bootstrap.min.css: 0
[2016-05-02 17:05:32] EDIT QUIZES_OVERLOADED/static/css/bootstrap.min.css: 0
[2016-05-02 17:13:16] EDIT QUIZES_OVERLOADED/views/default/show.html: -11
[2016-05-02 17:13:48] EDIT QUIZES_OVERLOADED/views/default/show.html: 0
[2016-05-02 17:14:42] EDIT QUIZES_OVERLOADED/views/default/resume.html: -11
[2016-05-02 17:16:05] EDIT QUIZES_OVERLOADED/views/default/show.html: 0
[2016-05-02 17:16:06] EDIT QUIZES_OVERLOADED/views/default/show.html: 0
[2016-05-02 17:45:20] EDIT QUIZES_OVERLOADED/views/default/show.html: 0
[2016-05-02 17:50:00] EDIT QUIZES_OVERLOADED/views/default/resume.html: 0
[2016-05-02 17:50:03] EDIT QUIZES_OVERLOADED/views/default/show.html: 0
[2016-05-02 17:51:04] EDIT QUIZES_OVERLOADED/views/default/show.html: 0
[2016-05-02 17:51:57] EDIT QUIZES_OVERLOADED/views/default/resume.html: 0
[2016-05-02 17:52:35] EDIT QUIZES_OVERLOADED/views/default/resume.html: 0
[2016-05-02 17:52:38] EDIT QUIZES_OVERLOADED/views/default/res.html: 0
[2016-05-02 17:52:40] EDIT QUIZES_OVERLOADED/views/default/show.html: 0
[2016-05-02 17:52:42] EDIT QUIZES_OVERLOADED/views/default/index.html: 0
[2016-05-02 17:52:45] EDIT QUIZES_OVERLOADED/views/default/index.html: 0
[2016-05-02 17:53:51] EDIT QUIZES_OVERLOADED/views/default/show.html: 0
[2016-05-02 17:54:04] EDIT QUIZES_OVERLOADED/views/default/resume.html: 0
[2016-05-02 18:04:59] EDIT QUIZES_OVERLOADED/views/default/resume.html: 0
[2016-05-02 18:05:01] EDIT QUIZES_OVERLOADED/controllers/default.py: 0
[2016-05-02 18:05:03] EDIT QUIZES_OVERLOADED/views/default/index.html: 0
[2016-05-02 18:05:05] EDIT QUIZES_OVERLOADED/views/default/show.html: 0
[2016-05-02 18:05:07] EDIT QUIZES_OVERLOADED/views/default/res.html: 0
[2016-05-02 18:05:09] EDIT QUIZES_OVERLOADED/views/default/resume.html: 0
[2016-05-02 19:03:55] EDIT QUIZES_OVERLOADED/controllers/default.py: 0
[2016-05-02 21:18:34] EDIT QUIZES_OVERLOADED/views/default/res.html: 0
[2016-05-02 21:22:51] EDIT QUIZES_OVERLOADED/views/default/res.html: 0
[2016-05-02 21:24:12] EDIT QUIZES_OVERLOADED/views/default/res.html: 0
[2016-05-02 21:26:06] EDIT QUIZES_OVERLOADED/static/css/bootstrap.min.css: 0
[2016-05-02 21:28:12] EDIT QUIZES_OVERLOADED/static/css/bootstrap.min.css: 0
[2016-05-02 21:33:24] EDIT QUIZES_OVERLOADED/static/css/bootstrap.min.css: 0
[2016-05-02 21:39:01] EDIT QUIZES_OVERLOADED/static/css/bootstrap.min.css: 0
[2016-05-02 21:39:34] EDIT QUIZES_OVERLOADED/views/default/index.html: 0
[2016-05-02 21:39:45] EDIT QUIZES_OVERLOADED/views/default/res.html: 0
[2016-05-02 21:45:56] EDIT QUIZES_OVERLOADED/static/css/bootstrap.min.css: 0
[2016-05-02 21:49:48] EDIT QUIZES_OVERLOADED/static/css/bootstrap.min.css: 0
[2016-05-02 21:50:28] EDIT QUIZES_OVERLOADED/static/css/bootstrap.min.css: 0
[2016-05-02 21:52:48] EDIT QUIZES_OVERLOADED/static/css/bootstrap.min.css: 0
[2016-05-02 22:12:54] EDIT QUIZES_OVERLOADED/static/css/bootstrap.min.css: 0
[2016-05-02 22:31:45] EDIT QUIZES_OVERLOADED/models/db.py: 6
[2016-05-02 22:31:46] EDIT QUIZES_OVERLOADED/models/db.py: 0
[2016-05-02 22:35:21] EDIT QUIZES_OVERLOADED/controllers/default.py: 6
[2016-05-02 22:35:28] EDIT QUIZES_OVERLOADED/controllers/default.py: 0
[2016-05-02 22:37:59] EDIT QUIZES_OVERLOADED/controllers/default.py: 0
[2016-05-02 22:39:13] EDIT QUIZES_OVERLOADED/controllers/default.py: 0
[2016-05-02 22:51:06] EDIT QUIZES_OVERLOADED/controllers/default.py: 0
[2016-05-02 22:51:21] EDIT QUIZES_OVERLOADED/models/db.py: 0
[2016-05-02 22:54:39] EDIT QUIZES_OVERLOADED/models/db.py: 0
[2016-05-02 22:54:56] CREATE default/feedback.html: 0
[2016-05-02 22:55:22] CREATE default/reviews.html: 0
[2016-05-02 22:56:23] EDIT QUIZES_OVERLOADED/views/default/reviews.html: 0
[2016-05-02 22:56:46] EDIT QUIZES_OVERLOADED/views/default/feedback.html: 0
[2016-05-02 23:02:54] EDIT QUIZES_OVERLOADED/views/default/reviews.html: 14
[2016-05-02 23:03:12] EDIT QUIZES_OVERLOADED/views/default/reviews.html: 0
[2016-05-02 23:03:12] EDIT QUIZES_OVERLOADED/views/default/reviews.html: 0
[2016-05-02 23:08:01] EDIT QUIZES_OVERLOADED/models/db.py: -1
[2016-05-02 23:08:06] EDIT QUIZES_OVERLOADED/models/db.py: 0
[2016-05-02 23:08:45] EDIT QUIZES_OVERLOADED/views/default/reviews.html: -2
[2016-05-02 23:09:40] EDIT QUIZES_OVERLOADED/views/default/reviews.html: 0
[2016-05-02 23:18:02] EDIT QUIZES_OVERLOADED/models/db.py: -1
[2016-05-02 23:20:36] EDIT QUIZES_OVERLOADED/controllers/default.py: 2
[2016-05-02 23:20:54] EDIT QUIZES_OVERLOADED/models/db.py: -1
[2016-05-02 23:21:02] EDIT QUIZES_OVERLOADED/models/db.py: 0
[2016-05-02 23:22:20] EDIT QUIZES_OVERLOADED/views/default/reviews.html: 0
[2016-05-02 23:29:17] EDIT QUIZES_OVERLOADED/models/db.py: 1
[2016-05-02 23:29:18] EDIT QUIZES_OVERLOADED/models/db.py: 0
[2016-05-02 23:29:19] EDIT QUIZES_OVERLOADED/models/db.py: 0
[2016-05-02 23:30:59] EDIT QUIZES_OVERLOADED/models/db.py: 1
[2016-05-02 23:31:00] EDIT QUIZES_OVERLOADED/models/db.py: 0
[2016-05-02 23:31:07] EDIT QUIZES_OVERLOADED/models/db.py: 0
[2016-05-02 23:31:28] EDIT QUIZES_OVERLOADED/controllers/default.py: -2
[2016-05-02 23:31:51] EDIT QUIZES_OVERLOADED/views/default/reviews.html: 0
[2016-05-02 23:31:52] EDIT QUIZES_OVERLOADED/views/default/reviews.html: 0
[2016-05-02 23:41:21] EDIT QUIZES_OVERLOADED/views/default/feedback.html: 0
[2016-05-02 23:42:36] EDIT QUIZES_OVERLOADED/views/default/feedback.html: 0
[2016-05-02 23:44:02] EDIT QUIZES_OVERLOADED/views/default/reviews.html: 1
[2016-05-02 23:44:06] EDIT QUIZES_OVERLOADED/views/default/reviews.html: 0
[2016-05-02 23:44:45] EDIT QUIZES_OVERLOADED/views/default/reviews.html: 19
[2016-05-02 23:45:25] EDIT QUIZES_OVERLOADED/views/default/reviews.html: 0
[2016-05-02 23:47:43] EDIT QUIZES_OVERLOADED/views/default/reviews.html: 0
[2016-05-02 23:49:57] EDIT QUIZES_OVERLOADED/views/default/reviews.html: 0
[2016-05-02 23:51:33] EDIT QUIZES_OVERLOADED/views/default/reviews.html: 0
[2016-05-02 23:51:35] EDIT QUIZES_OVERLOADED/controllers/default.py: 0
[2016-05-02 23:51:38] EDIT QUIZES_OVERLOADED/models/db.py: 0
[2016-05-02 23:51:40] EDIT QUIZES_OVERLOADED/views/default/feedback.html: 0
[2016-05-02 23:51:42] EDIT QUIZES_OVERLOADED/views/default/reviews.html: 0
[2016-05-02 23:51:44] EDIT QUIZES_OVERLOADED/views/default/finish.html: 0
[2016-05-02 23:51:47] EDIT QUIZES_OVERLOADED/views/default/index.html: 0
[2016-05-02 23:53:18] EDIT QUIZES_OVERLOADED/models/menu.py: 2
[2016-05-02 23:53:22] EDIT QUIZES_OVERLOADED/models/menu.py: 0
[2016-05-02 23:53:52] EDIT QUIZES_OVERLOADED/models/menu.py: 0
[2016-05-03 00:01:01] EDIT QUIZES_OVERLOADED/static/css/bootstrap.min.css: 0
[2016-05-03 00:04:40] EDIT QUIZES_OVERLOADED/static/css/bootstrap.min.css: 0
[2016-05-03 00:05:05] EDIT QUIZES_OVERLOADED/views/layout.html: 0
[2016-05-03 00:08:27] EDIT QUIZES_OVERLOADED/views/layout.html: 0
[2016-05-03 00:08:43] EDIT QUIZES_OVERLOADED/views/layout.html: 0
[2016-05-03 00:09:02] EDIT QUIZES_OVERLOADED/views/layout.html: 0
[2016-05-03 00:09:26] EDIT QUIZES_OVERLOADED/views/layout.html: 0
[2016-05-03 00:09:56] EDIT QUIZES_OVERLOADED/views/layout.html: 0
[2016-05-03 00:10:18] EDIT QUIZES_OVERLOADED/views/layout.html: 0
[2016-05-03 00:13:06] EDIT QUIZES_OVERLOADED/views/layout.html: 0
[2016-05-03 00:13:29] EDIT QUIZES_OVERLOADED/views/layout.html: 0
[2016-05-03 00:17:26] EDIT QUIZES_OVERLOADED/views/layout.html: 0
[2016-05-03 00:18:38] EDIT QUIZES_OVERLOADED/views/layout.html: 0
[2016-05-03 00:31:11] EDIT QUIZES_OVERLOADED/views/layout.html: 0
[2016-05-03 00:31:48] EDIT QUIZES_OVERLOADED/static/css/bootstrap.min.css: 0
[2016-05-03 00:32:40] EDIT QUIZES_OVERLOADED/static/css/bootstrap.min.css: 0
[2016-05-03 00:34:18] EDIT QUIZES_OVERLOADED/controllers/default.py: 6
[2016-05-03 00:34:39] EDIT QUIZES_OVERLOADED/controllers/default.py: 0
[2016-05-03 00:41:46] EDIT QUIZES_OVERLOADED/controllers/default.py: 0
[2016-05-03 13:43:23] EDIT QUIZES_OVERLOADED/models/db.py: 2
[2016-05-03 13:43:26] EDIT QUIZES_OVERLOADED/models/db.py: 0
[2016-05-03 13:43:52] EDIT QUIZES_OVERLOADED/models/db.py: 0
[2016-05-03 13:45:30] EDIT QUIZES_OVERLOADED/views/default/reviews.html: 2
[2016-05-03 13:46:40] EDIT QUIZES_OVERLOADED/models/db.py: -1
[2016-05-03 13:46:48] EDIT QUIZES_OVERLOADED/models/db.py: 0
[2016-05-03 13:46:50] EDIT QUIZES_OVERLOADED/views/default/reviews.html: 0
[2016-05-03 13:46:52] EDIT QUIZES_OVERLOADED/controllers/default.py: 0
[2016-05-03 13:50:18] EDIT QUIZES_OVERLOADED/controllers/default.py: 0
[2016-05-03 13:50:23] EDIT QUIZES_OVERLOADED/controllers/default.py: 0
[2016-05-03 13:50:50] EDIT QUIZES_OVERLOADED/controllers/default.py: 0
[2016-05-03 13:51:52] EDIT QUIZES_OVERLOADED/models/db.py: 1
[2016-05-03 13:52:38] EDIT QUIZES_OVERLOADED/models/db.py: 0
[2016-05-03 13:52:55] EDIT QUIZES_OVERLOADED/controllers/default.py: 0
[2016-05-03 13:52:59] EDIT QUIZES_OVERLOADED/models/db.py: 0
[2016-05-03 13:53:06] EDIT QUIZES_OVERLOADED/models/db.py: 0
[2016-05-03 13:56:15] EDIT QUIZES_OVERLOADED/views/default/reviews.html: 1
[2016-05-03 13:57:05] EDIT QUIZES_OVERLOADED/views/default/reviews.html: 2
[2016-05-03 13:58:10] EDIT QUIZES_OVERLOADED/views/default/reviews.html: 0
[2016-05-03 13:59:14] EDIT QUIZES_OVERLOADED/views/default/reviews.html: 0
[2016-05-03 14:00:25] EDIT QUIZES_OVERLOADED/views/default/reviews.html: 0
[2016-05-03 14:01:03] EDIT QUIZES_OVERLOADED/views/default/reviews.html: 0
[2016-05-03 14:02:08] EDIT QUIZES_OVERLOADED/views/default/reviews.html: 0
[2016-05-03 14:02:42] EDIT QUIZES_OVERLOADED/views/default/reviews.html: 0
[2016-05-03 14:02:44] EDIT QUIZES_OVERLOADED/models/db.py: 0
[2016-05-03 14:02:46] EDIT QUIZES_OVERLOADED/controllers/default.py: 0
[2016-05-03 21:45:25] EDIT QUIZES_OVERLOADED/controllers/default.py: 0
[2016-05-03 21:47:03] EDIT QUIZES_OVERLOADED/controllers/default.py: 0
[2016-05-03 21:47:37] EDIT QUIZES_OVERLOADED/models/db.py: 0
[2016-05-03 21:48:25] EDIT QUIZES_OVERLOADED/models/db.py: 0
[2016-05-03 21:48:26] EDIT QUIZES_OVERLOADED/models/db.py: 0
[2016-05-03 21:49:41] EDIT QUIZES_OVERLOADED/models/db.py: 0
[2016-05-03 21:49:42] EDIT QUIZES_OVERLOADED/models/db.py: 0
[2016-05-03 21:49:44] EDIT QUIZES_OVERLOADED/views/default/reviews.html: 0
[2016-05-03 21:49:46] EDIT QUIZES_OVERLOADED/views/default/feedback.html: 0
[2016-05-03 21:49:47] EDIT QUIZES_OVERLOADED/controllers/default.py: 0
[2016-05-03 21:58:10] EDIT QUIZES_OVERLOADED/models/db.py: 0
[2016-05-03 21:59:22] EDIT QUIZES_OVERLOADED/models/db.py: 0
[2016-05-03 22:00:57] EDIT QUIZES_OVERLOADED/controllers/default.py: 0
[2016-05-03 22:02:17] EDIT QUIZES_OVERLOADED/models/db.py: 0
[2016-05-04 18:33:07] EDIT QUIZES_OVERLOADED/models/db.py: 0
[2016-05-04 18:33:38] EDIT QUIZES_OVERLOADED/models/db.py: 0
[2016-05-04 18:33:48] EDIT QUIZES_OVERLOADED/models/db.py: 0
[2016-05-04 18:33:50] EDIT QUIZES_OVERLOADED/controllers/default.py: 0
[2016-05-04 18:36:15] EDIT QUIZES_OVERLOADED/models/db.py: 0
[2016-05-04 18:36:23] EDIT QUIZES_OVERLOADED/models/db.py: 0
[2016-05-04 18:37:20] EDIT QUIZES_OVERLOADED/models/db.py: 0
[2016-05-04 18:37:56] EDIT QUIZES_OVERLOADED/models/db.py: 0
[2016-05-04 18:38:02] EDIT QUIZES_OVERLOADED/models/db.py: 0
[2016-05-04 18:38:37] EDIT QUIZES_OVERLOADED/models/db.py: 0
[2016-05-04 18:38:55] EDIT QUIZES_OVERLOADED/models/db.py: 0
[2016-05-04 18:40:15] EDIT QUIZES_OVERLOADED/models/db.py: 0
[2016-05-04 18:40:29] EDIT QUIZES_OVERLOADED/models/db.py: 0
[2016-05-04 18:40:37] EDIT QUIZES_OVERLOADED/models/db.py: 0
[2016-05-04 18:40:42] EDIT QUIZES_OVERLOADED/models/db.py: 0
[2016-05-04 18:41:24] EDIT QUIZES_OVERLOADED/models/db.py: 0
[2016-05-04 18:41:26] EDIT QUIZES_OVERLOADED/models/db.py: 0
[2016-05-04 18:43:34] EDIT QUIZES_OVERLOADED/models/db.py: 0
[2016-05-04 18:43:58] EDIT QUIZES_OVERLOADED/models/db.py: 0
[2016-05-04 18:54:47] EDIT QUIZES_OVERLOADED/models/db.py: 0
[2016-05-04 23:40:05] EDIT QUIZES_OVERLOADED/models/db.py: 0
[2016-05-04 23:42:01] EDIT QUIZES_OVERLOADED/models/db.py: 0
